<?xml version="1.0" encoding="UTF-8"?>
<testsuite name="MinesweeperTest" tests="1" skipped="0" failures="0" errors="0" timestamp="2020-05-11T14:28:58" hostname="DESKTOP-1AOJ487" time="1.008">
  <properties/>
  <testcase name="start" classname="MinesweeperTest" time="1.008"/>
  <system-out><![CDATA[?[1;31m
Start test 1?[0m
How many mines do you want on the field? >1
 │123456789│
—│—————————│
1│.........│
2│.........│
3│.........│
4│.........│
5│.........│
6│.........│
7│.........│
8│.........│
9│.........│
—│—————————│
Set/unset mines marks or claim a cell as free: >6 7 free
 │123456789│
—│—————————│
1│/////////│
2│/////////│
3│///////11│
4│///////1.│
5│///////11│
6│/////////│
7│/////////│
8│/////////│
9│/////////│
—│—————————│
Congratulations! You found all mines!
?[1;31m
Start test 2?[0m
How many mines do you want on the field? >1
 │123456789│
—│—————————│
1│.........│
2│.........│
3│.........│
4│.........│
5│.........│
6│.........│
7│.........│
8│.........│
9│.........│
—│—————————│
Set/unset mines marks or claim a cell as free: >2 1 mine
 │123456789│
—│—————————│
1│.*.......│
2│.........│
3│.........│
4│.........│
5│.........│
6│.........│
7│.........│
8│.........│
9│.........│
—│—————————│
Set/unset mines marks or claim a cell as free: >7 3 mine
 │123456789│
—│—————————│
1│.*.......│
2│.........│
3│......*..│
4│.........│
5│.........│
6│.........│
7│.........│
8│.........│
9│.........│
—│—————————│
Set/unset mines marks or claim a cell as free: >5 5 free
 │123456789│
—│—————————│
1│/////////│
2│/////////│
3│/////////│
4│/////////│
5│/////////│
6│/////////│
7│11///////│
8│.1///////│
9│.1///////│
—│—————————│
Set/unset mines marks or claim a cell as free: >1 9 mine
 │123456789│
—│—————————│
1│/////////│
2│/////////│
3│/////////│
4│/////////│
5│/////////│
6│/////////│
7│11///////│
8│.1///////│
9│*1///////│
—│—————————│
Set/unset mines marks or claim a cell as free: >1 8 mine
 │123456789│
—│—————————│
1│/////////│
2│/////////│
3│/////////│
4│/////////│
5│/////////│
6│/////////│
7│11///////│
8│*1///////│
9│*1///////│
—│—————————│
Set/unset mines marks or claim a cell as free: >1 9 mine
 │123456789│
—│—————————│
1│/////////│
2│/////////│
3│/////////│
4│/////////│
5│/////////│
6│/////////│
7│11///////│
8│*1///////│
9│.1///////│
—│—————————│
Set/unset mines marks or claim a cell as free: >1 9 free
 │123456789│
—│—————————│
1│/////////│
2│/////////│
3│/////////│
4│/////////│
5│/////////│
6│/////////│
7│11///////│
8│*1///////│
9│11///////│
—│—————————│
Congratulations! You found all mines!
?[1;31m
Start test 3?[0m
How many mines do you want on the field? >1
 │123456789│
—│—————————│
1│.........│
2│.........│
3│.........│
4│.........│
5│.........│
6│.........│
7│.........│
8│.........│
9│.........│
—│—————————│
Set/unset mines marks or claim a cell as free: >8 1 mine
 │123456789│
—│—————————│
1│.......*.│
2│.........│
3│.........│
4│.........│
5│.........│
6│.........│
7│.........│
8│.........│
9│.........│
—│—————————│
Set/unset mines marks or claim a cell as free: >1 3 free
 │123456789│
—│—————————│
1│/////////│
2│/////////│
3│/////////│
4│/////////│
5│/////////│
6│/////////│
7│/////////│
8│/////111/│
9│/////1.1/│
—│—————————│
Congratulations! You found all mines!
?[1;31m
Start test 4?[0m
How many mines do you want on the field? >1
 │123456789│
—│—————————│
1│.........│
2│.........│
3│.........│
4│.........│
5│.........│
6│.........│
7│.........│
8│.........│
9│.........│
—│—————————│
Set/unset mines marks or claim a cell as free: >3 7 free
 │123456789│
—│—————————│
1│/////////│
2│/////////│
3│/////////│
4│/////////│
5│/////111/│
6│/////1.1/│
7│/////111/│
8│/////////│
9│/////////│
—│—————————│
Congratulations! You found all mines!
?[1;31m
Start test 5?[0m
How many mines do you want on the field? >1
 │123456789│
—│—————————│
1│.........│
2│.........│
3│.........│
4│.........│
5│.........│
6│.........│
7│.........│
8│.........│
9│.........│
—│—————————│
Set/unset mines marks or claim a cell as free: >7 6 mine
 │123456789│
—│—————————│
1│.........│
2│.........│
3│.........│
4│.........│
5│.........│
6│......*..│
7│.........│
8│.........│
9│.........│
—│—————————│
Set/unset mines marks or claim a cell as free: >9 6 free
 │123456789│
—│—————————│
1│/////////│
2│/////////│
3│111//////│
4│..1//////│
5│111//////│
6│/////////│
7│/////////│
8│/////////│
9│/////////│
—│—————————│
Set/unset mines marks or claim a cell as free: >2 4 free
 │123456789│
—│—————————│
1│/////////│
2│/////////│
3│111//////│
4│.X1//////│
5│111//////│
6│/////////│
7│/////////│
8│/////////│
9│/////////│
—│—————————│
You stepped on a mine and failed!
?[1;31m
Start test 6?[0m
How many mines do you want on the field? >1
 │123456789│
—│—————————│
1│.........│
2│.........│
3│.........│
4│.........│
5│.........│
6│.........│
7│.........│
8│.........│
9│.........│
—│—————————│
Set/unset mines marks or claim a cell as free: >5 9 mine
 │123456789│
—│—————————│
1│.........│
2│.........│
3│.........│
4│.........│
5│.........│
6│.........│
7│.........│
8│.........│
9│....*....│
—│—————————│
Set/unset mines marks or claim a cell as free: >3 4 mine
 │123456789│
—│—————————│
1│.........│
2│.........│
3│.........│
4│..*......│
5│.........│
6│.........│
7│.........│
8│.........│
9│....*....│
—│—————————│
Set/unset mines marks or claim a cell as free: >7 6 free
 │123456789│
—│—————————│
1│/////////│
2│/////////│
3│/////////│
4│/111/////│
5│/1.1/////│
6│/111/////│
7│/////////│
8│/////////│
9│/////////│
—│—————————│
Congratulations! You found all mines!
?[1;31m
Start test 7?[0m
How many mines do you want on the field? >1
 │123456789│
—│—————————│
1│.........│
2│.........│
3│.........│
4│.........│
5│.........│
6│.........│
7│.........│
8│.........│
9│.........│
—│—————————│
Set/unset mines marks or claim a cell as free: >2 4 free
 │123456789│
—│—————————│
1│///1.1///│
2│///111///│
3│/////////│
4│/////////│
5│/////////│
6│/////////│
7│/////////│
8│/////////│
9│/////////│
—│—————————│
Congratulations! You found all mines!
?[1;31m
Start test 8?[0m
How many mines do you want on the field? >1
 │123456789│
—│—————————│
1│.........│
2│.........│
3│.........│
4│.........│
5│.........│
6│.........│
7│.........│
8│.........│
9│.........│
—│—————————│
Set/unset mines marks or claim a cell as free: >9 4 mine
 │123456789│
—│—————————│
1│.........│
2│.........│
3│.........│
4│........*│
5│.........│
6│.........│
7│.........│
8│.........│
9│.........│
—│—————————│
Set/unset mines marks or claim a cell as free: >7 1 free
 │123456789│
—│—————————│
1│/////////│
2│/////////│
3│/////////│
4│/////////│
5│/////////│
6│/////////│
7│//////111│
8│//////1..│
9│//////1..│
—│—————————│
Set/unset mines marks or claim a cell as free: >8 9 free
 │123456789│
—│—————————│
1│/////////│
2│/////////│
3│/////////│
4│/////////│
5│/////////│
6│/////////│
7│//////111│
8│//////1..│
9│//////11.│
—│—————————│
Set/unset mines marks or claim a cell as free: >8 8 mine
 │123456789│
—│—————————│
1│/////////│
2│/////////│
3│/////////│
4│/////////│
5│/////////│
6│/////////│
7│//////111│
8│//////1*.│
9│//////11.│
—│—————————│
Set/unset mines marks or claim a cell as free: >9 8 free
 │123456789│
—│—————————│
1│/////////│
2│/////////│
3│/////////│
4│/////////│
5│/////////│
6│/////////│
7│//////111│
8│//////1*1│
9│//////11.│
—│—————————│
Set/unset mines marks or claim a cell as free: >8 8 mine
 │123456789│
—│—————————│
1│/////////│
2│/////////│
3│/////////│
4│/////////│
5│/////////│
6│/////////│
7│//////111│
8│//////1.1│
9│//////11.│
—│—————————│
Set/unset mines marks or claim a cell as free: >9 9 free
 │123456789│
—│—————————│
1│/////////│
2│/////////│
3│/////////│
4│/////////│
5│/////////│
6│/////////│
7│//////111│
8│//////1.1│
9│//////111│
—│—————————│
Congratulations! You found all mines!
?[1;31m
Start test 9?[0m
How many mines do you want on the field? >1
 │123456789│
—│—————————│
1│.........│
2│.........│
3│.........│
4│.........│
5│.........│
6│.........│
7│.........│
8│.........│
9│.........│
—│—————————│
Set/unset mines marks or claim a cell as free: >6 9 free
 │123456789│
—│—————————│
1│.1///////│
2│.1///////│
3│11///////│
4│/////////│
5│/////////│
6│/////////│
7│/////////│
8│/////////│
9│/////////│
—│—————————│
Set/unset mines marks or claim a cell as free: >1 1 free
 │123456789│
—│—————————│
1│11///////│
2│.1///////│
3│11///////│
4│/////////│
5│/////////│
6│/////////│
7│/////////│
8│/////////│
9│/////////│
—│—————————│
Congratulations! You found all mines!
?[1;31m
Start test 10?[0m
How many mines do you want on the field? >1
 │123456789│
—│—————————│
1│.........│
2│.........│
3│.........│
4│.........│
5│.........│
6│.........│
7│.........│
8│.........│
9│.........│
—│—————————│
Set/unset mines marks or claim a cell as free: >8 8 free
 │123456789│
—│—————————│
1│///////1.│
2│///////1.│
3│///////11│
4│/////////│
5│/////////│
6│/////////│
7│/////////│
8│/////////│
9│/////////│
—│—————————│
Set/unset mines marks or claim a cell as free: >9 2 free
 │123456789│
—│—————————│
1│///////1.│
2│///////1X│
3│///////11│
4│/////////│
5│/////////│
6│/////////│
7│/////////│
8│/////////│
9│/////////│
—│—————————│
You stepped on a mine and failed!
?[1;31m
Start test 11?[0m
How many mines do you want on the field? >1
 │123456789│
—│—————————│
1│.........│
2│.........│
3│.........│
4│.........│
5│.........│
6│.........│
7│.........│
8│.........│
9│.........│
—│—————————│
Set/unset mines marks or claim a cell as free: >7 2 mine
 │123456789│
—│—————————│
1│.........│
2│......*..│
3│.........│
4│.........│
5│.........│
6│.........│
7│.........│
8│.........│
9│.........│
—│—————————│
Set/unset mines marks or claim a cell as free: >9 4 free
 │123456789│
—│—————————│
1│///1.1///│
2│///1.1///│
3│///111///│
4│/////////│
5│/////////│
6│/////////│
7│/////////│
8│/////////│
9│/////////│
—│—————————│
Set/unset mines marks or claim a cell as free: >5 2 free
 │123456789│
—│—————————│
1│///1.1///│
2│///1X1///│
3│///111///│
4│/////////│
5│/////////│
6│/////////│
7│/////////│
8│/////////│
9│/////////│
—│—————————│
You stepped on a mine and failed!
?[1;31m
Start test 12?[0m
How many mines do you want on the field? >1
 │123456789│
—│—————————│
1│.........│
2│.........│
3│.........│
4│.........│
5│.........│
6│.........│
7│.........│
8│.........│
9│.........│
—│—————————│
Set/unset mines marks or claim a cell as free: >5 7 mine
 │123456789│
—│—————————│
1│.........│
2│.........│
3│.........│
4│.........│
5│.........│
6│.........│
7│....*....│
8│.........│
9│.........│
—│—————————│
Set/unset mines marks or claim a cell as free: >8 2 mine
 │123456789│
—│—————————│
1│.........│
2│.......*.│
3│.........│
4│.........│
5│.........│
6│.........│
7│....*....│
8│.........│
9│.........│
—│—————————│
Set/unset mines marks or claim a cell as free: >3 4 free
 │123456789│
—│—————————│
1│/////////│
2│/////////│
3│/////////│
4│/////////│
5│/////////│
6│/////////│
7│/111/////│
8│/1.1/////│
9│/1.1/////│
—│—————————│
Set/unset mines marks or claim a cell as free: >3 9 mine
 │123456789│
—│—————————│
1│/////////│
2│/////////│
3│/////////│
4│/////////│
5│/////////│
6│/////////│
7│/111/////│
8│/1.1/////│
9│/1*1/////│
—│—————————│
Set/unset mines marks or claim a cell as free: >3 8 free
 │123456789│
—│—————————│
1│/////////│
2│/////////│
3│/////////│
4│/////////│
5│/////////│
6│/////////│
7│/111/////│
8│/1X1/////│
9│/1*1/////│
—│—————————│
You stepped on a mine and failed!
?[1;31m
Start test 13?[0m
How many mines do you want on the field? >1
 │123456789│
—│—————————│
1│.........│
2│.........│
3│.........│
4│.........│
5│.........│
6│.........│
7│.........│
8│.........│
9│.........│
—│—————————│
Set/unset mines marks or claim a cell as free: >5 4 mine
 │123456789│
—│—————————│
1│.........│
2│.........│
3│.........│
4│....*....│
5│.........│
6│.........│
7│.........│
8│.........│
9│.........│
—│—————————│
Set/unset mines marks or claim a cell as free: >6 5 free
 │123456789│
—│—————————│
1│/////////│
2│/////////│
3│/////////│
4│//111////│
5│//1.1////│
6│//111////│
7│/////////│
8│/////////│
9│/////////│
—│—————————│
Congratulations! You found all mines!
?[1;31m
Start test 14?[0m
How many mines do you want on the field? >1
 │123456789│
—│—————————│
1│.........│
2│.........│
3│.........│
4│.........│
5│.........│
6│.........│
7│.........│
8│.........│
9│.........│
—│—————————│
Set/unset mines marks or claim a cell as free: >5 8 mine
 │123456789│
—│—————————│
1│.........│
2│.........│
3│.........│
4│.........│
5│.........│
6│.........│
7│.........│
8│....*....│
9│.........│
—│—————————│
Set/unset mines marks or claim a cell as free: >8 1 mine
 │123456789│
—│—————————│
1│.......*.│
2│.........│
3│.........│
4│.........│
5│.........│
6│.........│
7│.........│
8│....*....│
9│.........│
—│—————————│
Set/unset mines marks or claim a cell as free: >9 3 free
 │123456789│
—│—————————│
1│/////////│
2│/////////│
3│/////////│
4│/////////│
5│/////////│
6│/////111/│
7│/////1.1/│
8│/////111/│
9│/////////│
—│—————————│
Congratulations! You found all mines!
?[1;31m
Start test 15?[0m
How many mines do you want on the field? >1
 │123456789│
—│—————————│
1│.........│
2│.........│
3│.........│
4│.........│
5│.........│
6│.........│
7│.........│
8│.........│
9│.........│
—│—————————│
Set/unset mines marks or claim a cell as free: >8 2 mine
 │123456789│
—│—————————│
1│.........│
2│.......*.│
3│.........│
4│.........│
5│.........│
6│.........│
7│.........│
8│.........│
9│.........│
—│—————————│
Set/unset mines marks or claim a cell as free: >7 9 mine
 │123456789│
—│—————————│
1│.........│
2│.......*.│
3│.........│
4│.........│
5│.........│
6│.........│
7│.........│
8│.........│
9│......*..│
—│—————————│
Set/unset mines marks or claim a cell as free: >4 3 mine
 │123456789│
—│—————————│
1│.........│
2│.......*.│
3│...*.....│
4│.........│
5│.........│
6│.........│
7│.........│
8│.........│
9│......*..│
—│—————————│
Set/unset mines marks or claim a cell as free: >6 5 free
 │123456789│
—│—————————│
1│.........│
2│.......*.│
3│...*.....│
4│.........│
5│.....1...│
6│.........│
7│.........│
8│.........│
9│......*..│
—│—————————│
Set/unset mines marks or claim a cell as free: >4 3 mine
 │123456789│
—│—————————│
1│.........│
2│.......*.│
3│.........│
4│.........│
5│.....1...│
6│.........│
7│.........│
8│.........│
9│......*..│
—│—————————│
Set/unset mines marks or claim a cell as free: >5 9 mine
 │123456789│
—│—————————│
1│.........│
2│.......*.│
3│.........│
4│.........│
5│.....1...│
6│.........│
7│.........│
8│.........│
9│....*.*..│
—│—————————│
Set/unset mines marks or claim a cell as free: >8 2 mine
 │123456789│
—│—————————│
1│.........│
2│.........│
3│.........│
4│.........│
5│.....1...│
6│.........│
7│.........│
8│.........│
9│....*.*..│
—│—————————│
Set/unset mines marks or claim a cell as free: >6 1 free
 │123456789│
—│—————————│
1│/////////│
2│/////////│
3│/////////│
4│///111///│
5│///1.1///│
6│///111///│
7│/////////│
8│/////////│
9│/////////│
—│—————————│
Congratulations! You found all mines!
?[1;31m
Start test 16?[0m
How many mines do you want on the field? >1
 │123456789│
—│—————————│
1│.........│
2│.........│
3│.........│
4│.........│
5│.........│
6│.........│
7│.........│
8│.........│
9│.........│
—│—————————│
Set/unset mines marks or claim a cell as free: >6 6 free
 │123456789│
—│—————————│
1│/////////│
2│/////////│
3│/////111/│
4│/////1.1/│
5│/////111/│
6│/////////│
7│/////////│
8│/////////│
9│/////////│
—│—————————│
Congratulations! You found all mines!
?[1;31m
Start test 17?[0m
How many mines do you want on the field? >1
 │123456789│
—│—————————│
1│.........│
2│.........│
3│.........│
4│.........│
5│.........│
6│.........│
7│.........│
8│.........│
9│.........│
—│—————————│
Set/unset mines marks or claim a cell as free: >1 1 free
 │123456789│
—│—————————│
1│/////////│
2│//111////│
3│//1.1////│
4│//111////│
5│/////////│
6│/////////│
7│/////////│
8│/////////│
9│/////////│
—│—————————│
Congratulations! You found all mines!
?[1;31m
Start test 18?[0m
How many mines do you want on the field? >1
 │123456789│
—│—————————│
1│.........│
2│.........│
3│.........│
4│.........│
5│.........│
6│.........│
7│.........│
8│.........│
9│.........│
—│—————————│
Set/unset mines marks or claim a cell as free: >8 1 free
 │123456789│
—│—————————│
1│/////////│
2│/////////│
3│/////////│
4│/////111/│
5│/////1.1/│
6│/////111/│
7│/////////│
8│/////////│
9│/////////│
—│—————————│
Congratulations! You found all mines!
?[1;31m
Start test 19?[0m
How many mines do you want on the field? >1
 │123456789│
—│—————————│
1│.........│
2│.........│
3│.........│
4│.........│
5│.........│
6│.........│
7│.........│
8│.........│
9│.........│
—│—————————│
Set/unset mines marks or claim a cell as free: >4 5 mine
 │123456789│
—│—————————│
1│.........│
2│.........│
3│.........│
4│.........│
5│...*.....│
6│.........│
7│.........│
8│.........│
9│.........│
—│—————————│
Set/unset mines marks or claim a cell as free: >4 7 free
 │123456789│
—│—————————│
1│/////////│
2│/////////│
3│111//////│
4│..1//////│
5│111//////│
6│/////////│
7│/////////│
8│/////////│
9│/////////│
—│—————————│
Set/unset mines marks or claim a cell as free: >1 4 free
 │123456789│
—│—————————│
1│/////////│
2│/////////│
3│111//////│
4│1.1//////│
5│111//////│
6│/////////│
7│/////////│
8│/////////│
9│/////////│
—│—————————│
Congratulations! You found all mines!
?[1;31m
Start test 20?[0m
How many mines do you want on the field? >1
 │123456789│
—│—————————│
1│.........│
2│.........│
3│.........│
4│.........│
5│.........│
6│.........│
7│.........│
8│.........│
9│.........│
—│—————————│
Set/unset mines marks or claim a cell as free: >7 5 free
 │123456789│
—│—————————│
1│.1///////│
2│11///////│
3│/////////│
4│/////////│
5│/////////│
6│/////////│
7│/////////│
8│/////////│
9│/////////│
—│—————————│
Congratulations! You found all mines!
?[1;31m
Start test 21?[0m
How many mines do you want on the field? >2
 │123456789│
—│—————————│
1│.........│
2│.........│
3│.........│
4│.........│
5│.........│
6│.........│
7│.........│
8│.........│
9│.........│
—│—————————│
Set/unset mines marks or claim a cell as free: >1 4 free
 │123456789│
—│—————————│
1│/////////│
2│/////////│
3│/////////│
4│/////////│
5│////111//│
6│////1.1//│
7│////111//│
8│///////11│
9│///////1.│
—│—————————│
Congratulations! You found all mines!
?[1;31m
Start test 22?[0m
How many mines do you want on the field? >2
 │123456789│
—│—————————│
1│.........│
2│.........│
3│.........│
4│.........│
5│.........│
6│.........│
7│.........│
8│.........│
9│.........│
—│—————————│
Set/unset mines marks or claim a cell as free: >2 6 mine
 │123456789│
—│—————————│
1│.........│
2│.........│
3│.........│
4│.........│
5│.........│
6│.*.......│
7│.........│
8│.........│
9│.........│
—│—————————│
Set/unset mines marks or claim a cell as free: >8 6 mine
 │123456789│
—│—————————│
1│.........│
2│.........│
3│.........│
4│.........│
5│.........│
6│.*.....*.│
7│.........│
8│.........│
9│.........│
—│—————————│
Set/unset mines marks or claim a cell as free: >2 2 free
 │123456789│
—│—————————│
1│///1..1//│
2│///1221//│
3│/////////│
4│/////////│
5│/////////│
6│/////////│
7│/////////│
8│/////////│
9│/////////│
—│—————————│
Congratulations! You found all mines!
?[1;31m
Start test 23?[0m
How many mines do you want on the field? >2
 │123456789│
—│—————————│
1│.........│
2│.........│
3│.........│
4│.........│
5│.........│
6│.........│
7│.........│
8│.........│
9│.........│
—│—————————│
Set/unset mines marks or claim a cell as free: >1 7 mine
 │123456789│
—│—————————│
1│.........│
2│.........│
3│.........│
4│.........│
5│.........│
6│.........│
7│*........│
8│.........│
9│.........│
—│—————————│
Set/unset mines marks or claim a cell as free: >8 7 mine
 │123456789│
—│—————————│
1│.........│
2│.........│
3│.........│
4│.........│
5│.........│
6│.........│
7│*......*.│
8│.........│
9│.........│
—│—————————│
Set/unset mines marks or claim a cell as free: >8 1 mine
 │123456789│
—│—————————│
1│.......*.│
2│.........│
3│.........│
4│.........│
5│.........│
6│.........│
7│*......*.│
8│.........│
9│.........│
—│—————————│
Set/unset mines marks or claim a cell as free: >2 7 mine
 │123456789│
—│—————————│
1│.......*.│
2│.........│
3│.........│
4│.........│
5│.........│
6│.........│
7│**.....*.│
8│.........│
9│.........│
—│—————————│
Set/unset mines marks or claim a cell as free: >5 6 free
 │123456789│
—│—————————│
1│/////////│
2│/////////│
3│111//////│
4│..1//////│
5│111//////│
6│///////11│
7│///////1.│
8│///////11│
9│/////////│
—│—————————│
Set/unset mines marks or claim a cell as free: >9 7 mine
 │123456789│
—│—————————│
1│/////////│
2│/////////│
3│111//////│
4│..1//////│
5│111//////│
6│///////11│
7│///////1*│
8│///////11│
9│/////////│
—│—————————│
Set/unset mines marks or claim a cell as free: >1 4 free
 │123456789│
—│—————————│
1│/////////│
2│/////////│
3│111//////│
4│1.1//////│
5│111//////│
6│///////11│
7│///////1*│
8│///////11│
9│/////////│
—│—————————│
Congratulations! You found all mines!
?[1;31m
Start test 24?[0m
How many mines do you want on the field? >2
 │123456789│
—│—————————│
1│.........│
2│.........│
3│.........│
4│.........│
5│.........│
6│.........│
7│.........│
8│.........│
9│.........│
—│—————————│
Set/unset mines marks or claim a cell as free: >3 3 mine
 │123456789│
—│—————————│
1│.........│
2│.........│
3│..*......│
4│.........│
5│.........│
6│.........│
7│.........│
8│.........│
9│.........│
—│—————————│
Set/unset mines marks or claim a cell as free: >3 3 mine
 │123456789│
—│—————————│
1│.........│
2│.........│
3│.........│
4│.........│
5│.........│
6│.........│
7│.........│
8│.........│
9│.........│
—│—————————│
Set/unset mines marks or claim a cell as free: >5 9 mine
 │123456789│
—│—————————│
1│.........│
2│.........│
3│.........│
4│.........│
5│.........│
6│.........│
7│.........│
8│.........│
9│....*....│
—│—————————│
Set/unset mines marks or claim a cell as free: >5 9 mine
 │123456789│
—│—————————│
1│.........│
2│.........│
3│.........│
4│.........│
5│.........│
6│.........│
7│.........│
8│.........│
9│.........│
—│—————————│
Set/unset mines marks or claim a cell as free: >2 7 mine
 │123456789│
—│—————————│
1│.........│
2│.........│
3│.........│
4│.........│
5│.........│
6│.........│
7│.*.......│
8│.........│
9│.........│
—│—————————│
Set/unset mines marks or claim a cell as free: >6 7 mine
 │123456789│
—│—————————│
1│.........│
2│.........│
3│.........│
4│.........│
5│.........│
6│.........│
7│.*...*...│
8│.........│
9│.........│
—│—————————│
Set/unset mines marks or claim a cell as free: >7 1 free
 │123456789│
—│—————————│
1│/////////│
2│/////////│
3│/////////│
4│/////////│
5│/////////│
6│/111/////│
7│/1.1111//│
8│/1111.1//│
9│////1.1//│
—│—————————│
Set/unset mines marks or claim a cell as free: >3 7 free
 │123456789│
—│—————————│
1│/////////│
2│/////////│
3│/////////│
4│/////////│
5│/////////│
6│/111/////│
7│/1X1111//│
8│/1111X1//│
9│////1.1//│
—│—————————│
You stepped on a mine and failed!
?[1;31m
Start test 25?[0m
How many mines do you want on the field? >2
 │123456789│
—│—————————│
1│.........│
2│.........│
3│.........│
4│.........│
5│.........│
6│.........│
7│.........│
8│.........│
9│.........│
—│—————————│
Set/unset mines marks or claim a cell as free: >7 7 free
 │123456789│
—│—————————│
1│/////////│
2│/////////│
3│/////////│
4│/////////│
5│/////////│
6│/////////│
7│/111/////│
8│/1.1//111│
9│/1.1//1..│
—│—————————│
Set/unset mines marks or claim a cell as free: >9 9 free
 │123456789│
—│—————————│
1│/////////│
2│/////////│
3│/////////│
4│/////////│
5│/////////│
6│/////////│
7│/111/////│
8│/1.1//111│
9│/1.1//1.1│
—│—————————│
Set/unset mines marks or claim a cell as free: >3 9 free
 │123456789│
—│—————————│
1│/////////│
2│/////////│
3│/////////│
4│/////////│
5│/////////│
6│/////////│
7│/111/////│
8│/1.1//111│
9│/111//1.1│
—│—————————│
Congratulations! You found all mines!
?[1;31m
Start test 26?[0m
How many mines do you want on the field? >2
 │123456789│
—│—————————│
1│.........│
2│.........│
3│.........│
4│.........│
5│.........│
6│.........│
7│.........│
8│.........│
9│.........│
—│—————————│
Set/unset mines marks or claim a cell as free: >3 6 free
 │123456789│
—│—————————│
1│/////////│
2│/////////│
3│/////////│
4│/////1221│
5│/////1...│
6│/////1221│
7│/////////│
8│/////////│
9│/////////│
—│—————————│
Set/unset mines marks or claim a cell as free: >9 5 free
 │123456789│
—│—————————│
1│/////////│
2│/////////│
3│/////////│
4│/////1221│
5│/////1..1│
6│/////1221│
7│/////////│
8│/////////│
9│/////////│
—│—————————│
Congratulations! You found all mines!
?[1;31m
Start test 27?[0m
How many mines do you want on the field? >2
 │123456789│
—│—————————│
1│.........│
2│.........│
3│.........│
4│.........│
5│.........│
6│.........│
7│.........│
8│.........│
9│.........│
—│—————————│
Set/unset mines marks or claim a cell as free: >6 5 mine
 │123456789│
—│—————————│
1│.........│
2│.........│
3│.........│
4│.........│
5│.....*...│
6│.........│
7│.........│
8│.........│
9│.........│
—│—————————│
Set/unset mines marks or claim a cell as free: >7 7 free
 │123456789│
—│—————————│
1│/////////│
2│////111//│
3│////1.1//│
4│////111//│
5│///////11│
6│///////1.│
7│///////11│
8│/////////│
9│/////////│
—│—————————│
Congratulations! You found all mines!
?[1;31m
Start test 28?[0m
How many mines do you want on the field? >2
 │123456789│
—│—————————│
1│.........│
2│.........│
3│.........│
4│.........│
5│.........│
6│.........│
7│.........│
8│.........│
9│.........│
—│—————————│
Set/unset mines marks or claim a cell as free: >9 2 free
 │123456789│
—│—————————│
1│/////1.1/│
2│/////111/│
3│/////////│
4│/////////│
5│/////////│
6│111//////│
7│..1//////│
8│111//////│
9│/////////│
—│—————————│
Set/unset mines marks or claim a cell as free: >7 1 free
 │123456789│
—│—————————│
1│/////1X1/│
2│/////111/│
3│/////////│
4│/////////│
5│/////////│
6│111//////│
7│.X1//////│
8│111//////│
9│/////////│
—│—————————│
You stepped on a mine and failed!
?[1;31m
Start test 29?[0m
How many mines do you want on the field? >2
 │123456789│
—│—————————│
1│.........│
2│.........│
3│.........│
4│.........│
5│.........│
6│.........│
7│.........│
8│.........│
9│.........│
—│—————————│
Set/unset mines marks or claim a cell as free: >5 3 mine
 │123456789│
—│—————————│
1│.........│
2│.........│
3│....*....│
4│.........│
5│.........│
6│.........│
7│.........│
8│.........│
9│.........│
—│—————————│
Set/unset mines marks or claim a cell as free: >5 3 mine
 │123456789│
—│—————————│
1│.........│
2│.........│
3│.........│
4│.........│
5│.........│
6│.........│
7│.........│
8│.........│
9│.........│
—│—————————│
Set/unset mines marks or claim a cell as free: >1 6 free
 │123456789│
—│—————————│
1│.........│
2│.........│
3│.........│
4│.........│
5│.........│
6│1........│
7│.........│
8│.........│
9│.........│
—│—————————│
Set/unset mines marks or claim a cell as free: >9 6 free
 │123456789│
—│—————————│
1│/////////│
2│/////////│
3│/////////│
4│111//////│
5│..1//////│
6│111/111//│
7│////1.1//│
8│////111//│
9│/////////│
—│—————————│
Set/unset mines marks or claim a cell as free: >6 7 free
 │123456789│
—│—————————│
1│/////////│
2│/////////│
3│/////////│
4│111//////│
5│.X1//////│
6│111/111//│
7│////1X1//│
8│////111//│
9│/////////│
—│—————————│
You stepped on a mine and failed!
?[1;31m
Start test 30?[0m
How many mines do you want on the field? >2
 │123456789│
—│—————————│
1│.........│
2│.........│
3│.........│
4│.........│
5│.........│
6│.........│
7│.........│
8│.........│
9│.........│
—│—————————│
Set/unset mines marks or claim a cell as free: >1 7 free
 │123456789│
—│—————————│
1│/////////│
2│/////////│
3│/////////│
4│/////111/│
5│/////1.1/│
6│/////111/│
7│/111/////│
8│/1.1/////│
9│/1.1/////│
—│—————————│
Set/unset mines marks or claim a cell as free: >7 5 free
 │123456789│
—│—————————│
1│/////////│
2│/////////│
3│/////////│
4│/////111/│
5│/////1X1/│
6│/////111/│
7│/111/////│
8│/1X1/////│
9│/1.1/////│
—│—————————│
You stepped on a mine and failed!
?[1;31m
Start test 31?[0m
How many mines do you want on the field? >2
 │123456789│
—│—————————│
1│.........│
2│.........│
3│.........│
4│.........│
5│.........│
6│.........│
7│.........│
8│.........│
9│.........│
—│—————————│
Set/unset mines marks or claim a cell as free: >4 8 free
 │123456789│
—│—————————│
1│.........│
2│.........│
3│.........│
4│.........│
5│.........│
6│.........│
7│.........│
8│...2.....│
9│.........│
—│—————————│
Set/unset mines marks or claim a cell as free: >6 5 mine
 │123456789│
—│—————————│
1│.........│
2│.........│
3│.........│
4│.........│
5│.....*...│
6│.........│
7│.........│
8│...2.....│
9│.........│
—│—————————│
Set/unset mines marks or claim a cell as free: >7 1 mine
 │123456789│
—│—————————│
1│......*..│
2│.........│
3│.........│
4│.........│
5│.....*...│
6│.........│
7│.........│
8│...2.....│
9│.........│
—│—————————│
Set/unset mines marks or claim a cell as free: >7 1 mine
 │123456789│
—│—————————│
1│.........│
2│.........│
3│.........│
4│.........│
5│.....*...│
6│.........│
7│.........│
8│...2.....│
9│.........│
—│—————————│
Set/unset mines marks or claim a cell as free: >2 4 mine
 │123456789│
—│—————————│
1│.........│
2│.........│
3│.........│
4│.*.......│
5│.....*...│
6│.........│
7│.........│
8│...2.....│
9│.........│
—│—————————│
Set/unset mines marks or claim a cell as free: >2 1 mine
 │123456789│
—│—————————│
1│.*.......│
2│.........│
3│.........│
4│.*.......│
5│.....*...│
6│.........│
7│.........│
8│...2.....│
9│.........│
—│—————————│
Set/unset mines marks or claim a cell as free: >9 2 mine
 │123456789│
—│—————————│
1│.*.......│
2│........*│
3│.........│
4│.*.......│
5│.....*...│
6│.........│
7│.........│
8│...2.....│
9│.........│
—│—————————│
Set/unset mines marks or claim a cell as free: >2 7 free
 │123456789│
—│—————————│
1│.*.......│
2│........*│
3│.........│
4│.*.......│
5│.....*...│
6│.........│
7│.1.......│
8│...2.....│
9│.........│
—│—————————│
Set/unset mines marks or claim a cell as free: >7 3 free
 │123456789│
—│—————————│
1│/////////│
2│/////////│
3│/////////│
4│/////////│
5│/////////│
6│/111/////│
7│/1.1/////│
8│/1221////│
9│//1.1////│
—│—————————│
Congratulations! You found all mines!
?[1;31m
Start test 32?[0m
How many mines do you want on the field? >2
 │123456789│
—│—————————│
1│.........│
2│.........│
3│.........│
4│.........│
5│.........│
6│.........│
7│.........│
8│.........│
9│.........│
—│—————————│
Set/unset mines marks or claim a cell as free: >2 4 mine
 │123456789│
—│—————————│
1│.........│
2│.........│
3│.........│
4│.*.......│
5│.........│
6│.........│
7│.........│
8│.........│
9│.........│
—│—————————│
Set/unset mines marks or claim a cell as free: >3 7 free
 │123456789│
—│—————————│
1│.........│
2│.........│
3│.........│
4│.*.......│
5│.........│
6│.........│
7│..1......│
8│.........│
9│.........│
—│—————————│
Set/unset mines marks or claim a cell as free: >5 2 free
 │123456789│
—│—————————│
1│/////////│
2│/////////│
3│/////////│
4│/////////│
5│111//////│
6│..1//////│
7│111//////│
8│///////11│
9│///////1.│
—│—————————│
Set/unset mines marks or claim a cell as free: >2 6 free
 │123456789│
—│—————————│
1│/////////│
2│/////////│
3│/////////│
4│/////////│
5│111//////│
6│.X1//////│
7│111//////│
8│///////11│
9│///////1X│
—│—————————│
You stepped on a mine and failed!
?[1;31m
Start test 33?[0m
How many mines do you want on the field? >2
 │123456789│
—│—————————│
1│.........│
2│.........│
3│.........│
4│.........│
5│.........│
6│.........│
7│.........│
8│.........│
9│.........│
—│—————————│
Set/unset mines marks or claim a cell as free: >3 2 free
 │123456789│
—│—————————│
1│/////////│
2│/////////│
3│/////////│
4│/////////│
5│/111/////│
6│/1.1/////│
7│/1.1/////│
8│/1.1/////│
9│/1.1/////│
—│—————————│
Set/unset mines marks or claim a cell as free: >3 7 mine
 │123456789│
—│—————————│
1│/////////│
2│/////////│
3│/////////│
4│/////////│
5│/111/////│
6│/1.1/////│
7│/1*1/////│
8│/1.1/////│
9│/1.1/////│
—│—————————│
Set/unset mines marks or claim a cell as free: >3 6 free
 │123456789│
—│—————————│
1│/////////│
2│/////////│
3│/////////│
4│/////////│
5│/111/////│
6│/1X1/////│
7│/1*1/////│
8│/1.1/////│
9│/1X1/////│
—│—————————│
You stepped on a mine and failed!
?[1;31m
Start test 34?[0m
How many mines do you want on the field? >2
 │123456789│
—│—————————│
1│.........│
2│.........│
3│.........│
4│.........│
5│.........│
6│.........│
7│.........│
8│.........│
9│.........│
—│—————————│
Set/unset mines marks or claim a cell as free: >6 4 free
 │123456789│
—│—————————│
1│.........│
2│.........│
3│.........│
4│.....1...│
5│.........│
6│.........│
7│.........│
8│.........│
9│.........│
—│—————————│
Set/unset mines marks or claim a cell as free: >2 1 free
 │123456789│
—│—————————│
1│/////////│
2│/////////│
3│/////////│
4│/////111/│
5│/////1.1/│
6│/////111/│
7│//////111│
8│//////1..│
9│//////1..│
—│—————————│
Set/unset mines marks or claim a cell as free: >8 8 free
 │123456789│
—│—————————│
1│/////////│
2│/////////│
3│/////////│
4│/////111/│
5│/////1X1/│
6│/////111/│
7│//////111│
8│//////1X.│
9│//////1..│
—│—————————│
You stepped on a mine and failed!
?[1;31m
Start test 35?[0m
How many mines do you want on the field? >2
 │123456789│
—│—————————│
1│.........│
2│.........│
3│.........│
4│.........│
5│.........│
6│.........│
7│.........│
8│.........│
9│.........│
—│—————————│
Set/unset mines marks or claim a cell as free: >6 8 free
 │123456789│
—│—————————│
1│/////////│
2│/111/////│
3│/1.1/////│
4│/111/////│
5│/////////│
6│/////////│
7│//111////│
8│//1.1////│
9│//1.1////│
—│—————————│
Set/unset mines marks or claim a cell as free: >4 8 free
 │123456789│
—│—————————│
1│/////////│
2│/111/////│
3│/1X1/////│
4│/111/////│
5│/////////│
6│/////////│
7│//111////│
8│//1X1////│
9│//1.1////│
—│—————————│
You stepped on a mine and failed!
?[1;31m
Start test 36?[0m
How many mines do you want on the field? >2
 │123456789│
—│—————————│
1│.........│
2│.........│
3│.........│
4│.........│
5│.........│
6│.........│
7│.........│
8│.........│
9│.........│
—│—————————│
Set/unset mines marks or claim a cell as free: >4 3 mine
 │123456789│
—│—————————│
1│.........│
2│.........│
3│...*.....│
4│.........│
5│.........│
6│.........│
7│.........│
8│.........│
9│.........│
—│—————————│
Set/unset mines marks or claim a cell as free: >4 3 mine
 │123456789│
—│—————————│
1│.........│
2│.........│
3│.........│
4│.........│
5│.........│
6│.........│
7│.........│
8│.........│
9│.........│
—│—————————│
Set/unset mines marks or claim a cell as free: >1 5 mine
 │123456789│
—│—————————│
1│.........│
2│.........│
3│.........│
4│.........│
5│*........│
6│.........│
7│.........│
8│.........│
9│.........│
—│—————————│
Set/unset mines marks or claim a cell as free: >6 6 free
 │123456789│
—│—————————│
1│/////////│
2│111//////│
3│..1///111│
4│111///1..│
5│//////111│
6│/////////│
7│/////////│
8│/////////│
9│/////////│
—│—————————│
Set/unset mines marks or claim a cell as free: >9 4 mine
 │123456789│
—│—————————│
1│/////////│
2│111//////│
3│..1///111│
4│111///1.*│
5│//////111│
6│/////////│
7│/////////│
8│/////////│
9│/////////│
—│—————————│
Set/unset mines marks or claim a cell as free: >1 3 mine
 │123456789│
—│—————————│
1│/////////│
2│111//////│
3│*.1///111│
4│111///1.*│
5│//////111│
6│/////////│
7│/////////│
8│/////////│
9│/////////│
—│—————————│
Set/unset mines marks or claim a cell as free: >8 4 mine
 │123456789│
—│—————————│
1│/////////│
2│111//////│
3│*.1///111│
4│111///1**│
5│//////111│
6│/////////│
7│/////////│
8│/////////│
9│/////////│
—│—————————│
Set/unset mines marks or claim a cell as free: >2 3 free
 │123456789│
—│—————————│
1│/////////│
2│111//////│
3│*X1///111│
4│111///1X*│
5│//////111│
6│/////////│
7│/////////│
8│/////////│
9│/////////│
—│—————————│
You stepped on a mine and failed!
?[1;31m
Start test 37?[0m
How many mines do you want on the field? >2
 │123456789│
—│—————————│
1│.........│
2│.........│
3│.........│
4│.........│
5│.........│
6│.........│
7│.........│
8│.........│
9│.........│
—│—————————│
Set/unset mines marks or claim a cell as free: >8 4 free
 │123456789│
—│—————————│
1│/////////│
2│/////////│
3│11///////│
4│.1///////│
5│11///////│
6│/////111/│
7│/////1.1/│
8│/////111/│
9│/////////│
—│—————————│
Congratulations! You found all mines!
?[1;31m
Start test 38?[0m
How many mines do you want on the field? >2
 │123456789│
—│—————————│
1│.........│
2│.........│
3│.........│
4│.........│
5│.........│
6│.........│
7│.........│
8│.........│
9│.........│
—│—————————│
Set/unset mines marks or claim a cell as free: >6 7 free
 │123456789│
—│—————————│
1│/////1.1/│
2│/////111/│
3│/////////│
4│111//////│
5│..1//////│
6│111//////│
7│/////////│
8│/////////│
9│/////////│
—│—————————│
Set/unset mines marks or claim a cell as free: >2 5 free
 │123456789│
—│—————————│
1│/////1X1/│
2│/////111/│
3│/////////│
4│111//////│
5│.X1//////│
6│111//////│
7│/////////│
8│/////////│
9│/////////│
—│—————————│
You stepped on a mine and failed!
?[1;31m
Start test 39?[0m
How many mines do you want on the field? >2
 │123456789│
—│—————————│
1│.........│
2│.........│
3│.........│
4│.........│
5│.........│
6│.........│
7│.........│
8│.........│
9│.........│
—│—————————│
Set/unset mines marks or claim a cell as free: >1 9 free
 │123456789│
—│—————————│
1│/////////│
2│/////////│
3│/////////│
4│///////11│
5│/111///1.│
6│/1.1///11│
7│/111/////│
8│/////////│
9│/////////│
—│—————————│
Congratulations! You found all mines!
?[1;31m
Start test 40?[0m
How many mines do you want on the field? >2
 │123456789│
—│—————————│
1│.........│
2│.........│
3│.........│
4│.........│
5│.........│
6│.........│
7│.........│
8│.........│
9│.........│
—│—————————│
Set/unset mines marks or claim a cell as free: >9 6 free
 │123456789│
—│—————————│
1│/////////│
2│/////////│
3│/////////│
4│/////////│
5│/////////│
6│/////////│
7│////111//│
8│///12.1//│
9│///1..1//│
—│—————————│
Set/unset mines marks or claim a cell as free: >5 9 free
 │123456789│
—│—————————│
1│/////////│
2│/////////│
3│/////////│
4│/////////│
5│/////////│
6│/////////│
7│////111//│
8│///12X1//│
9│///1X.1//│
—│—————————│
You stepped on a mine and failed!
?[1;31m
Start test 41?[0m
How many mines do you want on the field? >3
 │123456789│
—│—————————│
1│.........│
2│.........│
3│.........│
4│.........│
5│.........│
6│.........│
7│.........│
8│.........│
9│.........│
—│—————————│
Set/unset mines marks or claim a cell as free: >9 9 mine
 │123456789│
—│—————————│
1│.........│
2│.........│
3│.........│
4│.........│
5│.........│
6│.........│
7│.........│
8│.........│
9│........*│
—│—————————│
Set/unset mines marks or claim a cell as free: >4 3 free
 │123456789│
—│—————————│
1│/////////│
2│/////////│
3│11///////│
4│.1///////│
5│11///////│
6│/////////│
7│/111/////│
8│/1.1111//│
9│/1....1//│
—│—————————│
Set/unset mines marks or claim a cell as free: >1 4 mine
 │123456789│
—│—————————│
1│/////////│
2│/////////│
3│11///////│
4│*1///////│
5│11///////│
6│/////////│
7│/111/////│
8│/1.1111//│
9│/1....1//│
—│—————————│
Set/unset mines marks or claim a cell as free: >6 9 free
 │123456789│
—│—————————│
1│/////////│
2│/////////│
3│11///////│
4│X1///////│
5│11///////│
6│/////////│
7│/111/////│
8│/1X1111//│
9│/1...X1//│
—│—————————│
You stepped on a mine and failed!
?[1;31m
Start test 42?[0m
How many mines do you want on the field? >3
 │123456789│
—│—————————│
1│.........│
2│.........│
3│.........│
4│.........│
5│.........│
6│.........│
7│.........│
8│.........│
9│.........│
—│—————————│
Set/unset mines marks or claim a cell as free: >6 2 free
 │123456789│
—│—————————│
1│.........│
2│.....1...│
3│.........│
4│.........│
5│.........│
6│.........│
7│.........│
8│.........│
9│.........│
—│—————————│
Set/unset mines marks or claim a cell as free: >9 4 free
 │123456789│
—│—————————│
1│/////////│
2│///111///│
3│///1.1///│
4│///111///│
5│/////////│
6│/////////│
7│111//////│
8│..1/111//│
9│..1/1.1//│
—│—————————│
Set/unset mines marks or claim a cell as free: >6 9 free
 │123456789│
—│—————————│
1│/////////│
2│///111///│
3│///1X1///│
4│///111///│
5│/////////│
6│/////////│
7│111//////│
8│.X1/111//│
9│..1/1X1//│
—│—————————│
You stepped on a mine and failed!
?[1;31m
Start test 43?[0m
How many mines do you want on the field? >3
 │123456789│
—│—————————│
1│.........│
2│.........│
3│.........│
4│.........│
5│.........│
6│.........│
7│.........│
8│.........│
9│.........│
—│—————————│
Set/unset mines marks or claim a cell as free: >4 9 free
 │123456789│
—│—————————│
1│/////////│
2│///111///│
3│///1.1///│
4│///111///│
5│/////////│
6│/////////│
7│////11111│
8│////1....│
9│////1....│
—│—————————│
Set/unset mines marks or claim a cell as free: >6 9 free
 │123456789│
—│—————————│
1│/////////│
2│///111///│
3│///1.1///│
4│///111///│
5│/////////│
6│/////////│
7│////11111│
8│////1....│
9│////11...│
—│—————————│
Set/unset mines marks or claim a cell as free: >5 3 free
 │123456789│
—│—————————│
1│/////////│
2│///111///│
3│///1X1///│
4│///111///│
5│/////////│
6│/////////│
7│////11111│
8│////1X..X│
9│////11...│
—│—————————│
You stepped on a mine and failed!
?[1;31m
Start test 44?[0m
How many mines do you want on the field? >3
 │123456789│
—│—————————│
1│.........│
2│.........│
3│.........│
4│.........│
5│.........│
6│.........│
7│.........│
8│.........│
9│.........│
—│—————————│
Set/unset mines marks or claim a cell as free: >6 5 mine
 │123456789│
—│—————————│
1│.........│
2│.........│
3│.........│
4│.........│
5│.....*...│
6│.........│
7│.........│
8│.........│
9│.........│
—│—————————│
Set/unset mines marks or claim a cell as free: >1 7 free
 │123456789│
—│—————————│
1│////1.1//│
2│////1.1//│
3│////111//│
4│111//////│
5│..1//////│
6│111111///│
7│///1.1///│
8│///111///│
9│/////////│
—│—————————│
Set/unset mines marks or claim a cell as free: >2 5 free
 │123456789│
—│—————————│
1│////1.1//│
2│////1X1//│
3│////111//│
4│111//////│
5│.X1//////│
6│111111///│
7│///1X1///│
8│///111///│
9│/////////│
—│—————————│
You stepped on a mine and failed!
?[1;31m
Start test 45?[0m
How many mines do you want on the field? >3
 │123456789│
—│—————————│
1│.........│
2│.........│
3│.........│
4│.........│
5│.........│
6│.........│
7│.........│
8│.........│
9│.........│
—│—————————│
Set/unset mines marks or claim a cell as free: >8 5 free
 │123456789│
—│—————————│
1│///1.1///│
2│///1.1///│
3│///2.2///│
4│///1.1///│
5│///1221//│
6│////1.1//│
7│////111//│
8│/////////│
9│/////////│
—│—————————│
Set/unset mines marks or claim a cell as free: >5 3 free
 │123456789│
—│—————————│
1│///1.1///│
2│///1.1///│
3│///222///│
4│///1.1///│
5│///1221//│
6│////1.1//│
7│////111//│
8│/////////│
9│/////////│
—│—————————│
Set/unset mines marks or claim a cell as free: >6 6 free
 │123456789│
—│—————————│
1│///1.1///│
2│///1X1///│
3│///222///│
4│///1X1///│
5│///1221//│
6│////1X1//│
7│////111//│
8│/////////│
9│/////////│
—│—————————│
You stepped on a mine and failed!
?[1;31m
Start test 46?[0m
How many mines do you want on the field? >3
 │123456789│
—│—————————│
1│.........│
2│.........│
3│.........│
4│.........│
5│.........│
6│.........│
7│.........│
8│.........│
9│.........│
—│—————————│
Set/unset mines marks or claim a cell as free: >5 2 free
 │123456789│
—│—————————│
1│/////////│
2│/////////│
3│/////111/│
4│/////1.1/│
5│/////111/│
6│/////////│
7│///111///│
8│11/1.1///│
9│.1/1.1///│
—│—————————│
Set/unset mines marks or claim a cell as free: >5 9 mine
 │123456789│
—│—————————│
1│/////////│
2│/////////│
3│/////111/│
4│/////1.1/│
5│/////111/│
6│/////////│
7│///111///│
8│11/1.1///│
9│.1/1*1///│
—│—————————│
Set/unset mines marks or claim a cell as free: >1 9 free
 │123456789│
—│—————————│
1│/////////│
2│/////////│
3│/////111/│
4│/////1X1/│
5│/////111/│
6│/////////│
7│///111///│
8│11/1X1///│
9│X1/1*1///│
—│—————————│
You stepped on a mine and failed!
?[1;31m
Start test 47?[0m
How many mines do you want on the field? >3
 │123456789│
—│—————————│
1│.........│
2│.........│
3│.........│
4│.........│
5│.........│
6│.........│
7│.........│
8│.........│
9│.........│
—│—————————│
Set/unset mines marks or claim a cell as free: >1 7 free
 │123456789│
—│—————————│
1│///////1.│
2│////1111.│
3│////1.111│
4│////2.2//│
5│////1.1//│
6│////111//│
7│/////////│
8│/////////│
9│/////////│
—│—————————│
Set/unset mines marks or claim a cell as free: >6 3 free
 │123456789│
—│—————————│
1│///////1.│
2│////1111X│
3│////1X111│
4│////2.2//│
5│////1X1//│
6│////111//│
7│/////////│
8│/////////│
9│/////////│
—│—————————│
You stepped on a mine and failed!
?[1;31m
Start test 48?[0m
How many mines do you want on the field? >3
 │123456789│
—│—————————│
1│.........│
2│.........│
3│.........│
4│.........│
5│.........│
6│.........│
7│.........│
8│.........│
9│.........│
—│—————————│
Set/unset mines marks or claim a cell as free: >6 2 free
 │123456789│
—│—————————│
1│/////////│
2│/////////│
3│/111/////│
4│/1.1/////│
5│/11111111│
6│////1....│
7│////11111│
8│/////////│
9│/////////│
—│—————————│
Set/unset mines marks or claim a cell as free: >9 6 free
 │123456789│
—│—————————│
1│/////////│
2│/////////│
3│/111/////│
4│/1X1/////│
5│/11111111│
6│////1X..X│
7│////11111│
8│/////////│
9│/////////│
—│—————————│
You stepped on a mine and failed!
?[1;31m
Start test 49?[0m
How many mines do you want on the field? >3
 │123456789│
—│—————————│
1│.........│
2│.........│
3│.........│
4│.........│
5│.........│
6│.........│
7│.........│
8│.........│
9│.........│
—│—————————│
Set/unset mines marks or claim a cell as free: >2 3 free
 │123456789│
—│—————————│
1│.........│
2│.........│
3│.1.......│
4│.........│
5│.........│
6│.........│
7│.........│
8│.........│
9│.........│
—│—————————│
Set/unset mines marks or claim a cell as free: >4 4 free
 │123456789│
—│—————————│
1│/////////│
2│11///////│
3│.1////111│
4│11////1..│
5│///111111│
6│///1.1///│
7│///111///│
8│/////////│
9│/////////│
—│—————————│
Set/unset mines marks or claim a cell as free: >9 4 mine
 │123456789│
—│—————————│
1│/////////│
2│11///////│
3│.1////111│
4│11////1.*│
5│///111111│
6│///1.1///│
7│///111///│
8│/////////│
9│/////////│
—│—————————│
Set/unset mines marks or claim a cell as free: >1 3 mine
 │123456789│
—│—————————│
1│/////////│
2│11///////│
3│*1////111│
4│11////1.*│
5│///111111│
6│///1.1///│
7│///111///│
8│/////////│
9│/////////│
—│—————————│
Set/unset mines marks or claim a cell as free: >8 4 mine
 │123456789│
—│—————————│
1│/////////│
2│11///////│
3│*1////111│
4│11////1**│
5│///111111│
6│///1.1///│
7│///111///│
8│/////////│
9│/////////│
—│—————————│
Set/unset mines marks or claim a cell as free: >1 3 mine
 │123456789│
—│—————————│
1│/////////│
2│11///////│
3│.1////111│
4│11////1**│
5│///111111│
6│///1.1///│
7│///111///│
8│/////////│
9│/////////│
—│—————————│
Set/unset mines marks or claim a cell as free: >5 6 free
 │123456789│
—│—————————│
1│/////////│
2│11///////│
3│X1////111│
4│11////1X*│
5│///111111│
6│///1X1///│
7│///111///│
8│/////////│
9│/////////│
—│—————————│
You stepped on a mine and failed!
?[1;31m
Start test 50?[0m
How many mines do you want on the field? >3
 │123456789│
—│—————————│
1│.........│
2│.........│
3│.........│
4│.........│
5│.........│
6│.........│
7│.........│
8│.........│
9│.........│
—│—————————│
Set/unset mines marks or claim a cell as free: >1 6 free
 │123456789│
—│—————————│
1│/////////│
2│//////111│
3│///1111..│
4│///1.112.│
5│///111/1.│
6│///////11│
7│/////////│
8│/////////│
9│/////////│
—│—————————│
Set/unset mines marks or claim a cell as free: >9 4 mine
 │123456789│
—│—————————│
1│/////////│
2│//////111│
3│///1111..│
4│///1.112*│
5│///111/1.│
6│///////11│
7│/////////│
8│/////////│
9│/////////│
—│—————————│
Set/unset mines marks or claim a cell as free: >8 3 free
 │123456789│
—│—————————│
1│/////////│
2│//////111│
3│///1111X.│
4│///1X112*│
5│///111/1X│
6│///////11│
7│/////////│
8│/////////│
9│/////////│
—│—————————│
You stepped on a mine and failed!
?[1;31m
Start test 51?[0m
How many mines do you want on the field? >3
 │123456789│
—│—————————│
1│.........│
2│.........│
3│.........│
4│.........│
5│.........│
6│.........│
7│.........│
8│.........│
9│.........│
—│—————————│
Set/unset mines marks or claim a cell as free: >1 3 free
 │123456789│
—│—————————│
1│.1///////│
2│11//111//│
3│////1.1//│
4│111/111//│
5│..1//////│
6│111//////│
7│/////////│
8│/////////│
9│/////////│
—│—————————│
Set/unset mines marks or claim a cell as free: >2 5 mine
 │123456789│
—│—————————│
1│.1///////│
2│11//111//│
3│////1.1//│
4│111/111//│
5│.*1//////│
6│111//////│
7│/////////│
8│/////////│
9│/////////│
—│—————————│
Set/unset mines marks or claim a cell as free: >6 3 free
 │123456789│
—│—————————│
1│X1///////│
2│11//111//│
3│////1X1//│
4│111/111//│
5│.X1//////│
6│111//////│
7│/////////│
8│/////////│
9│/////////│
—│—————————│
You stepped on a mine and failed!
?[1;31m
Start test 52?[0m
How many mines do you want on the field? >3
 │123456789│
—│—————————│
1│.........│
2│.........│
3│.........│
4│.........│
5│.........│
6│.........│
7│.........│
8│.........│
9│.........│
—│—————————│
Set/unset mines marks or claim a cell as free: >8 7 free
 │123456789│
—│—————————│
1│///////1.│
2│///////1.│
3│///////11│
4│/////////│
5│11///////│
6│.21//////│
7│..1//////│
8│111//////│
9│/////////│
—│—————————│
Set/unset mines marks or claim a cell as free: >1 7 mine
 │123456789│
—│—————————│
1│///////1.│
2│///////1.│
3│///////11│
4│/////////│
5│11///////│
6│.21//////│
7│*.1//////│
8│111//////│
9│/////////│
—│—————————│
Set/unset mines marks or claim a cell as free: >9 2 free
 │123456789│
—│—————————│
1│///////1.│
2│///////1X│
3│///////11│
4│/////////│
5│11///////│
6│X21//////│
7│*X1//////│
8│111//////│
9│/////////│
—│—————————│
You stepped on a mine and failed!
?[1;31m
Start test 53?[0m
How many mines do you want on the field? >3
 │123456789│
—│—————————│
1│.........│
2│.........│
3│.........│
4│.........│
5│.........│
6│.........│
7│.........│
8│.........│
9│.........│
—│—————————│
Set/unset mines marks or claim a cell as free: >5 6 mine
 │123456789│
—│—————————│
1│.........│
2│.........│
3│.........│
4│.........│
5│.........│
6│....*....│
7│.........│
8│.........│
9│.........│
—│—————————│
Set/unset mines marks or claim a cell as free: >3 6 free
 │123456789│
—│—————————│
1│/////////│
2│/////////│
3│/////111/│
4│///112.1/│
5│///1.211/│
6│///2*2///│
7│///1.1///│
8│///111///│
9│/////////│
—│—————————│
Set/unset mines marks or claim a cell as free: >5 6 mine
 │123456789│
—│—————————│
1│/////////│
2│/////////│
3│/////111/│
4│///112.1/│
5│///1.211/│
6│///2.2///│
7│///1.1///│
8│///111///│
9│/////////│
—│—————————│
Set/unset mines marks or claim a cell as free: >7 4 mine
 │123456789│
—│—————————│
1│/////////│
2│/////////│
3│/////111/│
4│///112*1/│
5│///1.211/│
6│///2.2///│
7│///1.1///│
8│///111///│
9│/////////│
—│—————————│
Set/unset mines marks or claim a cell as free: >7 4 mine
 │123456789│
—│—————————│
1│/////////│
2│/////////│
3│/////111/│
4│///112.1/│
5│///1.211/│
6│///2.2///│
7│///1.1///│
8│///111///│
9│/////////│
—│—————————│
Set/unset mines marks or claim a cell as free: >5 7 free
 │123456789│
—│—————————│
1│/////////│
2│/////////│
3│/////111/│
4│///112X1/│
5│///1X211/│
6│///2.2///│
7│///1X1///│
8│///111///│
9│/////////│
—│—————————│
You stepped on a mine and failed!
?[1;31m
Start test 54?[0m
How many mines do you want on the field? >3
 │123456789│
—│—————————│
1│.........│
2│.........│
3│.........│
4│.........│
5│.........│
6│.........│
7│.........│
8│.........│
9│.........│
—│—————————│
Set/unset mines marks or claim a cell as free: >2 5 free
 │123456789│
—│—————————│
1│/////////│
2│/////////│
3│/////////│
4│/////1221│
5│/////1...│
6│/////13..│
7│//////1..│
8│//////111│
9│/////////│
—│—————————│
Set/unset mines marks or claim a cell as free: >8 6 free
 │123456789│
—│—————————│
1│/////////│
2│/////////│
3│/////////│
4│/////1221│
5│/////1...│
6│/////133.│
7│//////1..│
8│//////111│
9│/////////│
—│—————————│
Set/unset mines marks or claim a cell as free: >8 7 free
 │123456789│
—│—————————│
1│/////////│
2│/////////│
3│/////////│
4│/////1221│
5│/////1XX.│
6│/////133.│
7│//////1X.│
8│//////111│
9│/////////│
—│—————————│
You stepped on a mine and failed!
?[1;31m
Start test 55?[0m
How many mines do you want on the field? >3
 │123456789│
—│—————————│
1│.........│
2│.........│
3│.........│
4│.........│
5│.........│
6│.........│
7│.........│
8│.........│
9│.........│
—│—————————│
Set/unset mines marks or claim a cell as free: >5 9 mine
 │123456789│
—│—————————│
1│.........│
2│.........│
3│.........│
4│.........│
5│.........│
6│.........│
7│.........│
8│.........│
9│....*....│
—│—————————│
Set/unset mines marks or claim a cell as free: >9 8 free
 │123456789│
—│—————————│
1│/////////│
2│/////////│
3│/////////│
4│//111////│
5│//1.1/111│
6│//2.2/1..│
7│//1.1/111│
8│//111////│
9│/////////│
—│—————————│
Set/unset mines marks or claim a cell as free: >4 5 free
 │123456789│
—│—————————│
1│/////////│
2│/////////│
3│/////////│
4│//111////│
5│//1X1/111│
6│//2.2/1X.│
7│//1X1/111│
8│//111////│
9│/////////│
—│—————————│
You stepped on a mine and failed!
?[1;31m
Start test 56?[0m
How many mines do you want on the field? >3
 │123456789│
—│—————————│
1│.........│
2│.........│
3│.........│
4│.........│
5│.........│
6│.........│
7│.........│
8│.........│
9│.........│
—│—————————│
Set/unset mines marks or claim a cell as free: >1 1 free
 │123456789│
—│—————————│
1│//////1..│
2│//////1..│
3│//////111│
4│/111/////│
5│/1.1/////│
6│/1.1/////│
7│/1.1/////│
8│/1.1/////│
9│/1.1/////│
—│—————————│
Set/unset mines marks or claim a cell as free: >3 9 mine
 │123456789│
—│—————————│
1│//////1..│
2│//////1..│
3│//////111│
4│/111/////│
5│/1.1/////│
6│/1.1/////│
7│/1.1/////│
8│/1.1/////│
9│/1*1/////│
—│—————————│
Set/unset mines marks or claim a cell as free: >3 9 mine
 │123456789│
—│—————————│
1│//////1..│
2│//////1..│
3│//////111│
4│/111/////│
5│/1.1/////│
6│/1.1/////│
7│/1.1/////│
8│/1.1/////│
9│/1.1/////│
—│—————————│
Set/unset mines marks or claim a cell as free: >3 6 free
 │123456789│
—│—————————│
1│//////1..│
2│//////1..│
3│//////111│
4│/111/////│
5│/1.1/////│
6│/111/////│
7│/1.1/////│
8│/1.1/////│
9│/1.1/////│
—│—————————│
Set/unset mines marks or claim a cell as free: >3 7 free
 │123456789│
—│—————————│
1│//////1..│
2│//////1..│
3│//////111│
4│/111/////│
5│/1.1/////│
6│/111/////│
7│/111/////│
8│/1.1/////│
9│/1.1/////│
—│—————————│
Set/unset mines marks or claim a cell as free: >3 5 free
 │123456789│
—│—————————│
1│//////1..│
2│//////1X.│
3│//////111│
4│/111/////│
5│/1X1/////│
6│/111/////│
7│/111/////│
8│/1X1/////│
9│/1.1/////│
—│—————————│
You stepped on a mine and failed!
?[1;31m
Start test 57?[0m
How many mines do you want on the field? >3
 │123456789│
—│—————————│
1│.........│
2│.........│
3│.........│
4│.........│
5│.........│
6│.........│
7│.........│
8│.........│
9│.........│
—│—————————│
Set/unset mines marks or claim a cell as free: >8 9 mine
 │123456789│
—│—————————│
1│.........│
2│.........│
3│.........│
4│.........│
5│.........│
6│.........│
7│.........│
8│.........│
9│.......*.│
—│—————————│
Set/unset mines marks or claim a cell as free: >1 9 free
 │123456789│
—│—————————│
1│/////////│
2│//////111│
3│//////1..│
4│//////111│
5│/////////│
6│11///////│
7│.1///////│
8│11///111/│
9│/////1.1/│
—│—————————│
Set/unset mines marks or claim a cell as free: >8 3 mine
 │123456789│
—│—————————│
1│/////////│
2│//////111│
3│//////1*.│
4│//////111│
5│/////////│
6│11///////│
7│.1///////│
8│11///111/│
9│/////1.1/│
—│—————————│
Set/unset mines marks or claim a cell as free: >8 3 mine
 │123456789│
—│—————————│
1│/////////│
2│//////111│
3│//////1..│
4│//////111│
5│/////////│
6│11///////│
7│.1///////│
8│11///111/│
9│/////1.1/│
—│—————————│
Set/unset mines marks or claim a cell as free: >7 9 free
 │123456789│
—│—————————│
1│/////////│
2│//////111│
3│//////1X.│
4│//////111│
5│/////////│
6│11///////│
7│X1///////│
8│11///111/│
9│/////1X1/│
—│—————————│
You stepped on a mine and failed!
?[1;31m
Start test 58?[0m
How many mines do you want on the field? >3
 │123456789│
—│—————————│
1│.........│
2│.........│
3│.........│
4│.........│
5│.........│
6│.........│
7│.........│
8│.........│
9│.........│
—│—————————│
Set/unset mines marks or claim a cell as free: >4 6 free
 │123456789│
—│—————————│
1│.........│
2│.........│
3│.........│
4│.........│
5│.........│
6│...1.....│
7│.........│
8│.........│
9│.........│
—│—————————│
Set/unset mines marks or claim a cell as free: >3 1 mine
 │123456789│
—│—————————│
1│..*......│
2│.........│
3│.........│
4│.........│
5│.........│
6│...1.....│
7│.........│
8│.........│
9│.........│
—│—————————│
Set/unset mines marks or claim a cell as free: >1 6 free
 │123456789│
—│—————————│
1│////1.1//│
2│////111//│
3│11///////│
4│.1///////│
5│1211/////│
6│/1.1/////│
7│/111/////│
8│/////////│
9│/////////│
—│—————————│
Congratulations! You found all mines!
?[1;31m
Start test 59?[0m
How many mines do you want on the field? >3
 │123456789│
—│—————————│
1│.........│
2│.........│
3│.........│
4│.........│
5│.........│
6│.........│
7│.........│
8│.........│
9│.........│
—│—————————│
Set/unset mines marks or claim a cell as free: >3 6 free
 │123456789│
—│—————————│
1│.........│
2│.........│
3│.........│
4│.........│
5│.........│
6│..1......│
7│.........│
8│.........│
9│.........│
—│—————————│
Set/unset mines marks or claim a cell as free: >1 3 free
 │123456789│
—│—————————│
1│/////////│
2│/////////│
3│/////////│
4│111//////│
5│..1//////│
6│..1//////│
7│..11/////│
8│...1//111│
9│...1//1..│
—│—————————│
Set/unset mines marks or claim a cell as free: >8 9 free
 │123456789│
—│—————————│
1│/////////│
2│/////////│
3│/////////│
4│111//////│
5│.X1//////│
6│..1//////│
7│..11/////│
8│..X1//111│
9│...1//1X.│
—│—————————│
You stepped on a mine and failed!
?[1;31m
Start test 60?[0m
How many mines do you want on the field? >3
 │123456789│
—│—————————│
1│.........│
2│.........│
3│.........│
4│.........│
5│.........│
6│.........│
7│.........│
8│.........│
9│.........│
—│—————————│
Set/unset mines marks or claim a cell as free: >5 9 mine
 │123456789│
—│—————————│
1│.........│
2│.........│
3│.........│
4│.........│
5│.........│
6│.........│
7│.........│
8│.........│
9│....*....│
—│—————————│
Set/unset mines marks or claim a cell as free: >1 7 mine
 │123456789│
—│—————————│
1│.........│
2│.........│
3│.........│
4│.........│
5│.........│
6│.........│
7│*........│
8│.........│
9│....*....│
—│—————————│
Set/unset mines marks or claim a cell as free: >7 4 mine
 │123456789│
—│—————————│
1│.........│
2│.........│
3│.........│
4│......*..│
5│.........│
6│.........│
7│*........│
8│.........│
9│....*....│
—│—————————│
Set/unset mines marks or claim a cell as free: >3 1 free
 │123456789│
—│—————————│
1│///1.1///│
2│///2.31//│
3│///1..1//│
4│///1221//│
5│/////////│
6│/////////│
7│/////////│
8│/////////│
9│/////////│
—│—————————│
Set/unset mines marks or claim a cell as free: >5 2 free
 │123456789│
—│—————————│
1│///1.1///│
2│///2331//│
3│///1..1//│
4│///1221//│
5│/////////│
6│/////////│
7│/////////│
8│/////////│
9│/////////│
—│—————————│
Congratulations! You found all mines!
?[1;31m
Start test 61?[0m
How many mines do you want on the field? >4
 │123456789│
—│—————————│
1│.........│
2│.........│
3│.........│
4│.........│
5│.........│
6│.........│
7│.........│
8│.........│
9│.........│
—│—————————│
Set/unset mines marks or claim a cell as free: >8 8 free
 │123456789│
—│—————————│
1│.........│
2│.........│
3│.........│
4│.........│
5│.........│
6│.........│
7│.........│
8│.......2.│
9│.........│
—│—————————│
Set/unset mines marks or claim a cell as free: >5 4 free
 │123456789│
—│—————————│
1│.........│
2│.........│
3│.........│
4│....1....│
5│.........│
6│.........│
7│.........│
8│.......2.│
9│.........│
—│—————————│
Set/unset mines marks or claim a cell as free: >4 4 free
 │123456789│
—│—————————│
1│.........│
2│.........│
3│.........│
4│...11....│
5│.........│
6│.........│
7│.........│
8│.......2.│
9│.........│
—│—————————│
Set/unset mines marks or claim a cell as free: >3 1 free
 │123456789│
—│—————————│
1│/////////│
2│///111///│
3│///1.1///│
4│///111///│
5│/111/////│
6│/1.1///11│
7│/111/112.│
8│/////1.2.│
9│/////1...│
—│—————————│
Set/unset mines marks or claim a cell as free: >9 9 mine
 │123456789│
—│—————————│
1│/////////│
2│///111///│
3│///1.1///│
4│///111///│
5│/111/////│
6│/1.1///11│
7│/111/112.│
8│/////1.2.│
9│/////1..*│
—│—————————│
Set/unset mines marks or claim a cell as free: >7 9 free
 │123456789│
—│—————————│
1│/////////│
2│///111///│
3│///1.1///│
4│///111///│
5│/111/////│
6│/1.1///11│
7│/111/112.│
8│/////1.2.│
9│/////11.*│
—│—————————│
Set/unset mines marks or claim a cell as free: >9 7 free
 │123456789│
—│—————————│
1│/////////│
2│///111///│
3│///1X1///│
4│///111///│
5│/111/////│
6│/1X1///11│
7│/111/112X│
8│/////1X2.│
9│/////11.*│
—│—————————│
You stepped on a mine and failed!
?[1;31m
Start test 62?[0m
How many mines do you want on the field? >4
 │123456789│
—│—————————│
1│.........│
2│.........│
3│.........│
4│.........│
5│.........│
6│.........│
7│.........│
8│.........│
9│.........│
—│—————————│
Set/unset mines marks or claim a cell as free: >8 6 free
 │123456789│
—│—————————│
1│.........│
2│.........│
3│.........│
4│.........│
5│.........│
6│.......1.│
7│.........│
8│.........│
9│.........│
—│—————————│
Set/unset mines marks or claim a cell as free: >8 3 mine
 │123456789│
—│—————————│
1│.........│
2│.........│
3│.......*.│
4│.........│
5│.........│
6│.......1.│
7│.........│
8│.........│
9│.........│
—│—————————│
Set/unset mines marks or claim a cell as free: >3 3 free
 │123456789│
—│—————————│
1│////1.1//│
2│////111//│
3│/////////│
4│/////////│
5│///////11│
6│///////1.│
7│//111//1.│
8│//1.1//1.│
9│//1.1//1.│
—│—————————│
Set/unset mines marks or claim a cell as free: >9 7 mine
 │123456789│
—│—————————│
1│////1.1//│
2│////111//│
3│/////////│
4│/////////│
5│///////11│
6│///////1.│
7│//111//1*│
8│//1.1//1.│
9│//1.1//1.│
—│—————————│
Set/unset mines marks or claim a cell as free: >9 6 free
 │123456789│
—│—————————│
1│////1X1//│
2│////111//│
3│/////////│
4│/////////│
5│///////11│
6│///////1X│
7│//111//1*│
8│//1X1//1.│
9│//1.1//1X│
—│—————————│
You stepped on a mine and failed!
?[1;31m
Start test 63?[0m
How many mines do you want on the field? >4
 │123456789│
—│—————————│
1│.........│
2│.........│
3│.........│
4│.........│
5│.........│
6│.........│
7│.........│
8│.........│
9│.........│
—│—————————│
Set/unset mines marks or claim a cell as free: >4 4 free
 │123456789│
—│—————————│
1│////1.1//│
2│////111//│
3│/////////│
4│/////////│
5│/////////│
6│/////111/│
7│/////1.21│
8│//1111...│
9│//1......│
—│—————————│
Set/unset mines marks or claim a cell as free: >9 8 free
 │123456789│
—│—————————│
1│////1.1//│
2│////111//│
3│/////////│
4│/////////│
5│/////////│
6│/////111/│
7│/////1.21│
8│//1111..1│
9│//1......│
—│—————————│
Set/unset mines marks or claim a cell as free: >5 9 free
 │123456789│
—│—————————│
1│////1.1//│
2│////111//│
3│/////////│
4│/////////│
5│/////////│
6│/////111/│
7│/////1.21│
8│//1111..1│
9│//1.1....│
—│—————————│
Set/unset mines marks or claim a cell as free: >6 9 free
 │123456789│
—│—————————│
1│////1.1//│
2│////111//│
3│/////////│
4│/////////│
5│/////////│
6│/////111/│
7│/////1.21│
8│//11112.1│
9│//1.1/1..│
—│—————————│
Set/unset mines marks or claim a cell as free: >9 9 free
 │123456789│
—│—————————│
1│////1.1//│
2│////111//│
3│/////////│
4│/////////│
5│/////////│
6│/////111/│
7│/////1.21│
8│//11112.1│
9│//1.1/1.1│
—│—————————│
Set/unset mines marks or claim a cell as free: >8 8 free
 │123456789│
—│—————————│
1│////1X1//│
2│////111//│
3│/////////│
4│/////////│
5│/////////│
6│/////111/│
7│/////1X21│
8│//11112X1│
9│//1X1/1.1│
—│—————————│
You stepped on a mine and failed!
?[1;31m
Start test 64?[0m
How many mines do you want on the field? >4
 │123456789│
—│—————————│
1│.........│
2│.........│
3│.........│
4│.........│
5│.........│
6│.........│
7│.........│
8│.........│
9│.........│
—│—————————│
Set/unset mines marks or claim a cell as free: >8 5 mine
 │123456789│
—│—————————│
1│.........│
2│.........│
3│.........│
4│.........│
5│.......*.│
6│.........│
7│.........│
8│.........│
9│.........│
—│—————————│
Set/unset mines marks or claim a cell as free: >2 1 mine
 │123456789│
—│—————————│
1│.*.......│
2│.........│
3│.........│
4│.........│
5│.......*.│
6│.........│
7│.........│
8│.........│
9│.........│
—│—————————│
Set/unset mines marks or claim a cell as free: >5 7 mine
 │123456789│
—│—————————│
1│.*.......│
2│.........│
3│.........│
4│.........│
5│.......*.│
6│.........│
7│....*....│
8│.........│
9│.........│
—│—————————│
Set/unset mines marks or claim a cell as free: >6 5 free
 │123456789│
—│—————————│
1│////1.1//│
2│////111//│
3│/////////│
4│/////////│
5│//111////│
6│//1.1//11│
7│//2.2//1.│
8│//1.1//11│
9│//1.1////│
—│—————————│
Set/unset mines marks or claim a cell as free: >4 6 mine
 │123456789│
—│—————————│
1│////1.1//│
2│////111//│
3│/////////│
4│/////////│
5│//111////│
6│//1*1//11│
7│//2.2//1.│
8│//1.1//11│
9│//1.1////│
—│—————————│
Set/unset mines marks or claim a cell as free: >4 9 free
 │123456789│
—│—————————│
1│////1.1//│
2│////111//│
3│/////////│
4│/////////│
5│//111////│
6│//1*1//11│
7│//2.2//1.│
8│//1.1//11│
9│//111////│
—│—————————│
Set/unset mines marks or claim a cell as free: >6 1 free
 │123456789│
—│—————————│
1│////1X1//│
2│////111//│
3│/////////│
4│/////////│
5│//111////│
6│//1X1//11│
7│//2.2//1X│
8│//1X1//11│
9│//111////│
—│—————————│
You stepped on a mine and failed!
?[1;31m
Start test 65?[0m
How many mines do you want on the field? >4
 │123456789│
—│—————————│
1│.........│
2│.........│
3│.........│
4│.........│
5│.........│
6│.........│
7│.........│
8│.........│
9│.........│
—│—————————│
Set/unset mines marks or claim a cell as free: >5 9 free
 │123456789│
—│—————————│
1│...1/////│
2│...1/////│
3│...1/////│
4│...11////│
5│....1////│
6│11111////│
7│/////////│
8│/////////│
9│/////////│
—│—————————│
Set/unset mines marks or claim a cell as free: >1 1 free
 │123456789│
—│—————————│
1│/1.1/////│
2│/1.1/////│
3│12.1/////│
4│...11////│
5│....1////│
6│11111////│
7│/////////│
8│/////////│
9│/////////│
—│—————————│
Set/unset mines marks or claim a cell as free: >3 1 free
 │123456789│
—│—————————│
1│/111/////│
2│/1.1/////│
3│12.1/////│
4│...11////│
5│....1////│
6│11111////│
7│/////////│
8│/////////│
9│/////////│
—│—————————│
Set/unset mines marks or claim a cell as free: >3 2 mine
 │123456789│
—│—————————│
1│/111/////│
2│/1*1/////│
3│12.1/////│
4│...11////│
5│....1////│
6│11111////│
7│/////////│
8│/////////│
9│/////////│
—│—————————│
Set/unset mines marks or claim a cell as free: >4 5 free
 │123456789│
—│—————————│
1│/111/////│
2│/1X1/////│
3│12.1/////│
4│.X.11////│
5│X..X1////│
6│11111////│
7│/////////│
8│/////////│
9│/////////│
—│—————————│
You stepped on a mine and failed!
?[1;31m
Start test 66?[0m
How many mines do you want on the field? >4
 │123456789│
—│—————————│
1│.........│
2│.........│
3│.........│
4│.........│
5│.........│
6│.........│
7│.........│
8│.........│
9│.........│
—│—————————│
Set/unset mines marks or claim a cell as free: >5 6 free
 │123456789│
—│—————————│
1│//1.1////│
2│//1.1////│
3│/1221////│
4│/1.1/////│
5│/2.2/////│
6│/1.1/111/│
7│/111/1.1/│
8│/////111/│
9│/////////│
—│—————————│
Set/unset mines marks or claim a cell as free: >3 5 free
 │123456789│
—│—————————│
1│//1.1////│
2│//1.1////│
3│/1221////│
4│/1.1/////│
5│/222/////│
6│/1.1/111/│
7│/111/1.1/│
8│/////111/│
9│/////////│
—│—————————│
Set/unset mines marks or claim a cell as free: >4 2 free
 │123456789│
—│—————————│
1│//1.1////│
2│//1X1////│
3│/1221////│
4│/1X1/////│
5│/222/////│
6│/1X1/111/│
7│/111/1X1/│
8│/////111/│
9│/////////│
—│—————————│
You stepped on a mine and failed!
?[1;31m
Start test 67?[0m
How many mines do you want on the field? >4
 │123456789│
—│—————————│
1│.........│
2│.........│
3│.........│
4│.........│
5│.........│
6│.........│
7│.........│
8│.........│
9│.........│
—│—————————│
Set/unset mines marks or claim a cell as free: >6 3 mine
 │123456789│
—│—————————│
1│.........│
2│.........│
3│.....*...│
4│.........│
5│.........│
6│.........│
7│.........│
8│.........│
9│.........│
—│—————————│
Set/unset mines marks or claim a cell as free: >6 3 mine
 │123456789│
—│—————————│
1│.........│
2│.........│
3│.........│
4│.........│
5│.........│
6│.........│
7│.........│
8│.........│
9│.........│
—│—————————│
Set/unset mines marks or claim a cell as free: >9 4 mine
 │123456789│
—│—————————│
1│.........│
2│.........│
3│.........│
4│........*│
5│.........│
6│.........│
7│.........│
8│.........│
9│.........│
—│—————————│
Set/unset mines marks or claim a cell as free: >9 4 mine
 │123456789│
—│—————————│
1│.........│
2│.........│
3│.........│
4│.........│
5│.........│
6│.........│
7│.........│
8│.........│
9│.........│
—│—————————│
Set/unset mines marks or claim a cell as free: >7 1 mine
 │123456789│
—│—————————│
1│......*..│
2│.........│
3│.........│
4│.........│
5│.........│
6│.........│
7│.........│
8│.........│
9│.........│
—│—————————│
Set/unset mines marks or claim a cell as free: >3 4 free
 │123456789│
—│—————————│
1│////1.1//│
2│////111//│
3│/////////│
4│//////111│
5│//////1..│
6│//////111│
7│//111////│
8│//1.1111/│
9│//1....1/│
—│—————————│
Set/unset mines marks or claim a cell as free: >7 9 mine
 │123456789│
—│—————————│
1│////1.1//│
2│////111//│
3│/////////│
4│//////111│
5│//////1..│
6│//////111│
7│//111////│
8│//1.1111/│
9│//1...*1/│
—│—————————│
Set/unset mines marks or claim a cell as free: >7 9 mine
 │123456789│
—│—————————│
1│////1.1//│
2│////111//│
3│/////////│
4│//////111│
5│//////1..│
6│//////111│
7│//111////│
8│//1.1111/│
9│//1....1/│
—│—————————│
Set/unset mines marks or claim a cell as free: >6 1 mine
 │123456789│
—│—————————│
1│////1*1//│
2│////111//│
3│/////////│
4│//////111│
5│//////1..│
6│//////111│
7│//111////│
8│//1.1111/│
9│//1....1/│
—│—————————│
Set/unset mines marks or claim a cell as free: >5 9 free
 │123456789│
—│—————————│
1│////1*1//│
2│////111//│
3│/////////│
4│//////111│
5│//////1..│
6│//////111│
7│//111////│
8│//1.1111/│
9│//1.1..1/│
—│—————————│
Set/unset mines marks or claim a cell as free: >9 5 free
 │123456789│
—│—————————│
1│////1*1//│
2│////111//│
3│/////////│
4│//////111│
5│//////1.1│
6│//////111│
7│//111////│
8│//1.1111/│
9│//1.1..1/│
—│—————————│
Set/unset mines marks or claim a cell as free: >6 9 free
 │123456789│
—│—————————│
1│////1*1//│
2│////111//│
3│/////////│
4│//////111│
5│//////1.1│
6│//////111│
7│//111////│
8│//1.1111/│
9│//1.11.1/│
—│—————————│
Set/unset mines marks or claim a cell as free: >6 1 mine
 │123456789│
—│—————————│
1│////1.1//│
2│////111//│
3│/////////│
4│//////111│
5│//////1.1│
6│//////111│
7│//111////│
8│//1.1111/│
9│//1.11.1/│
—│—————————│
Set/unset mines marks or claim a cell as free: >4 8 free
 │123456789│
—│—————————│
1│////1X1//│
2│////111//│
3│/////////│
4│//////111│
5│//////1X1│
6│//////111│
7│//111////│
8│//1X1111/│
9│//1.11X1/│
—│—————————│
You stepped on a mine and failed!
?[1;31m
Start test 68?[0m
How many mines do you want on the field? >4
 │123456789│
—│—————————│
1│.........│
2│.........│
3│.........│
4│.........│
5│.........│
6│.........│
7│.........│
8│.........│
9│.........│
—│—————————│
Set/unset mines marks or claim a cell as free: >4 9 free
 │123456789│
—│—————————│
1│...1/////│
2│.111111//│
3│.1//1.1//│
4│.1//111//│
5│.21//////│
6│..1//////│
7│111//////│
8│/////////│
9│/////////│
—│—————————│
Set/unset mines marks or claim a cell as free: >1 4 mine
 │123456789│
—│—————————│
1│...1/////│
2│.111111//│
3│.1//1.1//│
4│*1//111//│
5│.21//////│
6│..1//////│
7│111//////│
8│/////////│
9│/////////│
—│—————————│
Set/unset mines marks or claim a cell as free: >1 4 mine
 │123456789│
—│—————————│
1│...1/////│
2│.111111//│
3│.1//1.1//│
4│.1//111//│
5│.21//////│
6│..1//////│
7│111//////│
8│/////////│
9│/////////│
—│—————————│
Set/unset mines marks or claim a cell as free: >1 3 free
 │123456789│
—│—————————│
1│...1/////│
2│.111111//│
3│11//1.1//│
4│.1//111//│
5│.21//////│
6│..1//////│
7│111//////│
8│/////////│
9│/////////│
—│—————————│
Set/unset mines marks or claim a cell as free: >1 4 free
 │123456789│
—│—————————│
1│..X1/////│
2│.111111//│
3│11//1X1//│
4│X1//111//│
5│.21//////│
6│.X1//////│
7│111//////│
8│/////////│
9│/////////│
—│—————————│
You stepped on a mine and failed!
?[1;31m
Start test 69?[0m
How many mines do you want on the field? >4
 │123456789│
—│—————————│
1│.........│
2│.........│
3│.........│
4│.........│
5│.........│
6│.........│
7│.........│
8│.........│
9│.........│
—│—————————│
Set/unset mines marks or claim a cell as free: >2 5 free
 │123456789│
—│—————————│
1│.1/////1.│
2│11/////2.│
3│///////1.│
4│///////1.│
5│///////1.│
6│///////1.│
7│///////11│
8│/////////│
9│/////////│
—│—————————│
Set/unset mines marks or claim a cell as free: >9 1 mine
 │123456789│
—│—————————│
1│.1/////1*│
2│11/////2.│
3│///////1.│
4│///////1.│
5│///////1.│
6│///////1.│
7│///////11│
8│/////////│
9│/////////│
—│—————————│
Set/unset mines marks or claim a cell as free: >9 1 mine
 │123456789│
—│—————————│
1│.1/////1.│
2│11/////2.│
3│///////1.│
4│///////1.│
5│///////1.│
6│///////1.│
7│///////11│
8│/////////│
9│/////////│
—│—————————│
Set/unset mines marks or claim a cell as free: >9 4 mine
 │123456789│
—│—————————│
1│.1/////1.│
2│11/////2.│
3│///////1.│
4│///////1*│
5│///////1.│
6│///////1.│
7│///////11│
8│/////////│
9│/////////│
—│—————————│
Set/unset mines marks or claim a cell as free: >9 4 mine
 │123456789│
—│—————————│
1│.1/////1.│
2│11/////2.│
3│///////1.│
4│///////1.│
5│///////1.│
6│///////1.│
7│///////11│
8│/////////│
9│/////////│
—│—————————│
Set/unset mines marks or claim a cell as free: >9 5 mine
 │123456789│
—│—————————│
1│.1/////1.│
2│11/////2.│
3│///////1.│
4│///////1.│
5│///////1*│
6│///////1.│
7│///////11│
8│/////////│
9│/////////│
—│—————————│
Set/unset mines marks or claim a cell as free: >9 3 free
 │123456789│
—│—————————│
1│X1/////1X│
2│11/////2.│
3│///////1X│
4│///////1.│
5│///////1*│
6│///////1X│
7│///////11│
8│/////////│
9│/////////│
—│—————————│
You stepped on a mine and failed!
?[1;31m
Start test 70?[0m
How many mines do you want on the field? >4
 │123456789│
—│—————————│
1│.........│
2│.........│
3│.........│
4│.........│
5│.........│
6│.........│
7│.........│
8│.........│
9│.........│
—│—————————│
Set/unset mines marks or claim a cell as free: >8 1 free
 │123456789│
—│—————————│
1│/////////│
2│/////////│
3│////111//│
4│111/1.1//│
5│..1/111//│
6│..1//////│
7│..111111/│
8│.......1/│
9│.......1/│
—│—————————│
Set/unset mines marks or claim a cell as free: >1 6 free
 │123456789│
—│—————————│
1│/////////│
2│/////////│
3│////111//│
4│111/1.1//│
5│..1/111//│
6│1.1//////│
7│..111111/│
8│.......1/│
9│.......1/│
—│—————————│
Set/unset mines marks or claim a cell as free: >4 9 free
 │123456789│
—│—————————│
1│/////////│
2│/////////│
3│////111//│
4│111/1.1//│
5│..1/111//│
6│1.1//////│
7│..111111/│
8│.......1/│
9│...1...1/│
—│—————————│
Set/unset mines marks or claim a cell as free: >5 9 free
 │123456789│
—│—————————│
1│/////////│
2│/////////│
3│////111//│
4│111/1.1//│
5│..1/111//│
6│1.1//////│
7│..111111/│
8│.......1/│
9│...11..1/│
—│—————————│
Set/unset mines marks or claim a cell as free: >6 8 free
 │123456789│
—│—————————│
1│/////////│
2│/////////│
3│////111//│
4│111/1.1//│
5│..1/111//│
6│1.1//////│
7│..111111/│
8│.....1.1/│
9│...11..1/│
—│—————————│
Set/unset mines marks or claim a cell as free: >5 8 free
 │123456789│
—│—————————│
1│/////////│
2│/////////│
3│////111//│
4│111/1.1//│
5│..1/111//│
6│1.1//////│
7│..111111/│
8│....11.1/│
9│...11..1/│
—│—————————│
Set/unset mines marks or claim a cell as free: >3 9 mine
 │123456789│
—│—————————│
1│/////////│
2│/////////│
3│////111//│
4│111/1.1//│
5│..1/111//│
6│1.1//////│
7│..111111/│
8│....11.1/│
9│..*11..1/│
—│—————————│
Set/unset mines marks or claim a cell as free: >3 8 free
 │123456789│
—│—————————│
1│/////////│
2│/////////│
3│////111//│
4│111/1.1//│
5│..1/111//│
6│1.1//////│
7│..111111/│
8│..1.11.1/│
9│..*11..1/│
—│—————————│
Set/unset mines marks or claim a cell as free: >4 8 mine
 │123456789│
—│—————————│
1│/////////│
2│/////////│
3│////111//│
4│111/1.1//│
5│..1/111//│
6│1.1//////│
7│..111111/│
8│..1*11.1/│
9│..*11..1/│
—│—————————│
Set/unset mines marks or claim a cell as free: >2 8 free
 │123456789│
—│—————————│
1│/////////│
2│/////////│
3│////111//│
4│111/1.1//│
5│..1/111//│
6│111//////│
7│//111111/│
8│//1*11.1/│
9│//111..1/│
—│—————————│
Set/unset mines marks or claim a cell as free: >2 5 mine
 │123456789│
—│—————————│
1│/////////│
2│/////////│
3│////111//│
4│111/1.1//│
5│.*1/111//│
6│111//////│
7│//111111/│
8│//1*11.1/│
9│//111..1/│
—│—————————│
Set/unset mines marks or claim a cell as free: >4 8 mine
 │123456789│
—│—————————│
1│/////////│
2│/////////│
3│////111//│
4│111/1.1//│
5│.*1/111//│
6│111//////│
7│//111111/│
8│//1.11.1/│
9│//111..1/│
—│—————————│
Set/unset mines marks or claim a cell as free: >6 4 free
 │123456789│
—│—————————│
1│/////////│
2│/////////│
3│////111//│
4│111/1X1//│
5│.X1/111//│
6│111//////│
7│//111111/│
8│//1X11X1/│
9│//111..1/│
—│—————————│
You stepped on a mine and failed!
?[1;31m
Start test 71?[0m
How many mines do you want on the field? >4
 │123456789│
—│—————————│
1│.........│
2│.........│
3│.........│
4│.........│
5│.........│
6│.........│
7│.........│
8│.........│
9│.........│
—│—————————│
Set/unset mines marks or claim a cell as free: >3 9 free
 │123456789│
—│—————————│
1│.........│
2│.........│
3│.........│
4│.........│
5│.........│
6│.........│
7│.........│
8│.........│
9│..1......│
—│—————————│
Set/unset mines marks or claim a cell as free: >2 2 mine
 │123456789│
—│—————————│
1│.........│
2│.*.......│
3│.........│
4│.........│
5│.........│
6│.........│
7│.........│
8│.........│
9│..1......│
—│—————————│
Set/unset mines marks or claim a cell as free: >2 2 mine
 │123456789│
—│—————————│
1│.........│
2│.........│
3│.........│
4│.........│
5│.........│
6│.........│
7│.........│
8│.........│
9│..1......│
—│—————————│
Set/unset mines marks or claim a cell as free: >4 3 free
 │123456789│
—│—————————│
1│/////////│
2│/////////│
3│//////111│
4│//////1..│
5│//////111│
6│/////////│
7│/111/111/│
8│/1.1/1.21│
9│/111/1...│
—│—————————│
Set/unset mines marks or claim a cell as free: >8 9 mine
 │123456789│
—│—————————│
1│/////////│
2│/////////│
3│//////111│
4│//////1..│
5│//////111│
6│/////////│
7│/111/111/│
8│/1.1/1.21│
9│/111/1.*.│
—│—————————│
Set/unset mines marks or claim a cell as free: >8 4 mine
 │123456789│
—│—————————│
1│/////////│
2│/////////│
3│//////111│
4│//////1*.│
5│//////111│
6│/////////│
7│/111/111/│
8│/1.1/1.21│
9│/111/1.*.│
—│—————————│
Set/unset mines marks or claim a cell as free: >3 8 mine
 │123456789│
—│—————————│
1│/////////│
2│/////////│
3│//////111│
4│//////1*.│
5│//////111│
6│/////////│
7│/111/111/│
8│/1*1/1.21│
9│/111/1.*.│
—│—————————│
Set/unset mines marks or claim a cell as free: >3 8 mine
 │123456789│
—│—————————│
1│/////////│
2│/////////│
3│//////111│
4│//////1*.│
5│//////111│
6│/////////│
7│/111/111/│
8│/1.1/1.21│
9│/111/1.*.│
—│—————————│
Set/unset mines marks or claim a cell as free: >7 8 free
 │123456789│
—│—————————│
1│/////////│
2│/////////│
3│//////111│
4│//////1X.│
5│//////111│
6│/////////│
7│/111/111/│
8│/1X1/1X21│
9│/111/1.X.│
—│—————————│
You stepped on a mine and failed!
?[1;31m
Start test 72?[0m
How many mines do you want on the field? >4
 │123456789│
—│—————————│
1│.........│
2│.........│
3│.........│
4│.........│
5│.........│
6│.........│
7│.........│
8│.........│
9│.........│
—│—————————│
Set/unset mines marks or claim a cell as free: >4 3 free
 │123456789│
—│—————————│
1│////1.1//│
2│////111//│
3│11///////│
4│.1111////│
5│111.1111/│
6│//1111.1/│
7│/////111/│
8│/////////│
9│/////////│
—│—————————│
Congratulations! You found all mines!
?[1;31m
Start test 73?[0m
How many mines do you want on the field? >4
 │123456789│
—│—————————│
1│.........│
2│.........│
3│.........│
4│.........│
5│.........│
6│.........│
7│.........│
8│.........│
9│.........│
—│—————————│
Set/unset mines marks or claim a cell as free: >9 3 mine
 │123456789│
—│—————————│
1│.........│
2│.........│
3│........*│
4│.........│
5│.........│
6│.........│
7│.........│
8│.........│
9│.........│
—│—————————│
Set/unset mines marks or claim a cell as free: >2 2 free
 │123456789│
—│—————————│
1│.........│
2│.1.......│
3│........*│
4│.........│
5│.........│
6│.........│
7│.........│
8│.........│
9│.........│
—│—————————│
Set/unset mines marks or claim a cell as free: >9 3 mine
 │123456789│
—│—————————│
1│.........│
2│.1.......│
3│.........│
4│.........│
5│.........│
[...]
 │123456789│
—│—————————│
1│.........│
2│.........│
3│.*.......│
4│.........│
5│.........│
6│.........│
7│.........│
8│*.......*│
9│.........│
—│—————————│
Set/unset mines marks or claim a cell as free: >2 3 mine
 │123456789│
—│—————————│
1│.........│
2│.........│
3│.........│
4│.........│
5│.........│
6│.........│
7│.........│
8│*.......*│
9│.........│
—│—————————│
Set/unset mines marks or claim a cell as free: >8 9 free
 │123456789│
—│—————————│
1│.........│
2│.........│
3│.........│
4│.........│
5│.........│
6│.........│
7│.........│
8│*.......*│
9│.......3.│
—│—————————│
Set/unset mines marks or claim a cell as free: >9 4 free
 │123456789│
—│—————————│
1│.........│
2│.........│
3│.........│
4│........2│
5│.........│
6│.........│
7│.........│
8│*.......*│
9│.......3.│
—│—————————│
Set/unset mines marks or claim a cell as free: >1 8 mine
 │123456789│
—│—————————│
1│.........│
2│.........│
3│.........│
4│........2│
5│.........│
6│.........│
7│.........│
8│........*│
9│.......3.│
—│—————————│
Set/unset mines marks or claim a cell as free: >7 6 free
 │123456789│
—│—————————│
1│.........│
2│.........│
3│.........│
4│........2│
5│.........│
6│......4..│
7│.........│
8│........*│
9│.......3.│
—│—————————│
Set/unset mines marks or claim a cell as free: >9 8 mine
 │123456789│
—│—————————│
1│.........│
2│.........│
3│.........│
4│........2│
5│.........│
6│......4..│
7│.........│
8│.........│
9│.......3.│
—│—————————│
Set/unset mines marks or claim a cell as free: >8 7 free
 │123456789│
—│—————————│
1│...X....X│
2│.XXX.X..X│
3│XXXXX..X.│
4│X...XXX.2│
5│........X│
6│...X.X4XX│
7│.....X.X.│
8│X.....X.X│
9│..X..X.3X│
—│—————————│
You stepped on a mine and failed!
?[1;31m
Start test 100?[0m
How many mines do you want on the field? >30
 │123456789│
—│—————————│
1│.........│
2│.........│
3│.........│
4│.........│
5│.........│
6│.........│
7│.........│
8│.........│
9│.........│
—│—————————│
Set/unset mines marks or claim a cell as free: >2 1 free
 │123456789│
—│—————————│
1│.1.......│
2│.........│
3│.........│
4│.........│
5│.........│
6│.........│
7│.........│
8│.........│
9│.........│
—│—————————│
Set/unset mines marks or claim a cell as free: >9 5 free
 │123456789│
—│—————————│
1│.1.......│
2│.........│
3│.........│
4│.......42│
5│.......1/│
6│.......32│
7│.........│
8│.........│
9│.........│
—│—————————│
Set/unset mines marks or claim a cell as free: >4 2 free
 │123456789│
—│—————————│
1│.1.......│
2│...2.....│
3│.........│
4│.......42│
5│.......1/│
6│.......32│
7│.........│
8│.........│
9│.........│
—│—————————│
Set/unset mines marks or claim a cell as free: >1 1 free
 │123456789│
—│—————————│
1│11.......│
2│...2.....│
3│.........│
4│.......42│
5│.......1/│
6│.......32│
7│.........│
8│.........│
9│.........│
—│—————————│
Set/unset mines marks or claim a cell as free: >4 1 mine
 │123456789│
—│—————————│
1│11.*.....│
2│...2.....│
3│.........│
4│.......42│
5│.......1/│
6│.......32│
7│.........│
8│.........│
9│.........│
—│—————————│
Set/unset mines marks or claim a cell as free: >4 4 free
 │123456789│
—│—————————│
1│11.*.....│
2│...2.....│
3│.........│
4│...3...42│
5│.......1/│
6│.......32│
7│.........│
8│.........│
9│.........│
—│—————————│
Set/unset mines marks or claim a cell as free: >1 6 free
 │123456789│
—│—————————│
1│11.*.....│
2│...2.....│
3│.........│
4│...3...42│
5│.......1/│
6│2......32│
7│.........│
8│.........│
9│.........│
—│—————————│
Set/unset mines marks or claim a cell as free: >6 9 free
 │123456789│
—│—————————│
1│11.*.....│
2│...2.....│
3│.........│
4│...3...42│
5│.......1/│
6│2......32│
7│.........│
8│.........│
9│.....1...│
—│—————————│
Set/unset mines marks or claim a cell as free: >2 6 free
 │123456789│
—│—————————│
1│11.*.....│
2│...2.....│
3│.........│
4│...3...42│
5│.......1/│
6│25.....32│
7│.........│
8│.........│
9│.....1...│
—│—————————│
Set/unset mines marks or claim a cell as free: >6 7 free
 │123456789│
—│—————————│
1│11.*.....│
2│...2.....│
3│.........│
4│...3...42│
5│.......1/│
6│25.....32│
7│.....1...│
8│.........│
9│.....1...│
—│—————————│
Set/unset mines marks or claim a cell as free: >1 3 free
 │123456789│
—│—————————│
1│11.*.....│
2│...2.....│
3│2........│
4│...3...42│
5│.......1/│
6│25.....32│
7│.....1...│
8│.........│
9│.....1...│
—│—————————│
Set/unset mines marks or claim a cell as free: >4 1 mine
 │123456789│
—│—————————│
1│11.......│
2│...2.....│
3│2........│
4│...3...42│
5│.......1/│
6│25.....32│
7│.....1...│
8│.........│
9│.....1...│
—│—————————│
Set/unset mines marks or claim a cell as free: >4 3 free
 │123456789│
—│—————————│
1│11.......│
2│..1234...│
3│2.1//3...│
4│..4323.42│
5│.......1/│
6│25.....32│
7│.....1...│
8│.........│
9│.....1...│
—│—————————│
Set/unset mines marks or claim a cell as free: >4 9 free
 │123456789│
—│—————————│
1│11.......│
2│..1234...│
3│2.1//3...│
4│..4323.42│
5│.......1/│
6│25.....32│
7│.....1...│
8│.........│
9│...1.1...│
—│—————————│
Set/unset mines marks or claim a cell as free: >1 9 free
 │123456789│
—│—————————│
1│11.XXX.X.│
2│X.1234XXX│
3│2.1//3XXX│
4│.X4323X42│
5│XXXXX..1/│
6│25X....32│
7│..XX.1XXX│
8│X......X.│
9│X..1X1.XX│
—│—————————│
You stepped on a mine and failed!
?[1;31m
Start test 101?[0m
How many mines do you want on the field? >35
 │123456789│
—│—————————│
1│.........│
2│.........│
3│.........│
4│.........│
5│.........│
6│.........│
7│.........│
8│.........│
9│.........│
—│—————————│
Set/unset mines marks or claim a cell as free: >8 7 free
 │123456789│
—│—————————│
1│.........│
2│.........│
3│.........│
4│.........│
5│.........│
6│.........│
7│.......3.│
8│.........│
9│.........│
—│—————————│
Set/unset mines marks or claim a cell as free: >5 4 free
 │123456789│
—│—————————│
1│.....X..X│
2│.X.....XX│
3│XX..X.X..│
4│..XXXX...│
5│X..X.X.XX│
6│X.XXX....│
7│X.XX.X.3X│
8│X......XX│
9│XX.X..X.X│
—│—————————│
You stepped on a mine and failed!
?[1;31m
Start test 102?[0m
How many mines do you want on the field? >35
 │123456789│
—│—————————│
1│.........│
2│.........│
3│.........│
4│.........│
5│.........│
6│.........│
7│.........│
8│.........│
9│.........│
—│—————————│
Set/unset mines marks or claim a cell as free: >5 5 mine
 │123456789│
—│—————————│
1│.........│
2│.........│
3│.........│
4│.........│
5│....*....│
6│.........│
7│.........│
8│.........│
9│.........│
—│—————————│
Set/unset mines marks or claim a cell as free: >4 9 free
 │123456789│
—│—————————│
1│.........│
2│.........│
3│.........│
4│.........│
5│....*....│
6│.........│
7│.........│
8│.........│
9│...2.....│
—│—————————│
Set/unset mines marks or claim a cell as free: >7 7 free
 │123456789│
—│—————————│
1│.........│
2│.........│
3│.........│
4│.........│
5│....*....│
6│.........│
7│......3..│
8│.........│
9│...2.....│
—│—————————│
Set/unset mines marks or claim a cell as free: >5 5 mine
 │123456789│
—│—————————│
1│.........│
2│.........│
3│.........│
4│.........│
5│.........│
6│.........│
7│......3..│
8│.........│
9│...2.....│
—│—————————│
Set/unset mines marks or claim a cell as free: >3 1 free
 │123456789│
—│—————————│
1│..X.X...X│
2│....XX.X.│
3│X.....X..│
4│XX.X...XX│
5│X......XX│
6│XXX.X.X.X│
7│X.X.XX3..│
8│X...X.X..│
9│.XX2.XXXX│
—│—————————│
You stepped on a mine and failed!
?[1;31m
Start test 103?[0m
How many mines do you want on the field? >40
 │123456789│
—│—————————│
1│.........│
2│.........│
3│.........│
4│.........│
5│.........│
6│.........│
7│.........│
8│.........│
9│.........│
—│—————————│
Set/unset mines marks or claim a cell as free: >5 8 free
 │123456789│
—│—————————│
1│.........│
2│.........│
3│.........│
4│.........│
5│.........│
6│.........│
7│.........│
8│....3....│
9│.........│
—│—————————│
Set/unset mines marks or claim a cell as free: >4 2 free
 │123456789│
—│—————————│
1│.........│
2│...5.....│
3│.........│
4│.........│
5│.........│
6│.........│
7│.........│
8│....3....│
9│.........│
—│—————————│
Set/unset mines marks or claim a cell as free: >3 2 free
 │123456789│
—│—————————│
1│XXXX..X..│
2│.XX5X..XX│
3│X...X.X..│
4│XXXXX...X│
5│XX.XXX...│
6│.XX.X....│
7│XXXX.X..X│
8│..X.3.XX.│
9│.X...XXX.│
—│—————————│
You stepped on a mine and failed!
?[1;31m
Start test 104?[0m
How many mines do you want on the field? >40
 │123456789│
—│—————————│
1│.........│
2│.........│
3│.........│
4│.........│
5│.........│
6│.........│
7│.........│
8│.........│
9│.........│
—│—————————│
Set/unset mines marks or claim a cell as free: >7 4 free
 │123456789│
—│—————————│
1│.........│
2│.........│
3│.........│
4│......1..│
5│.........│
6│.........│
7│.........│
8│.........│
9│.........│
—│—————————│
Set/unset mines marks or claim a cell as free: >9 3 free
 │123456789│
—│—————————│
1│..X.X.X..│
2│X...XXXX.│
3│X.XXX...X│
4│X..XXX1.X│
5│XXXX.....│
6│X..XXX..X│
7│X.X..X...│
8│.XX.XX...│
9│X.X.XX.XX│
—│—————————│
You stepped on a mine and failed!
?[1;31m
Start test 105?[0m
How many mines do you want on the field? >45
 │123456789│
—│—————————│
1│.........│
2│.........│
3│.........│
4│.........│
5│.........│
6│.........│
7│.........│
8│.........│
9│.........│
—│—————————│
Set/unset mines marks or claim a cell as free: >7 2 free
 │123456789│
—│—————————│
1│.........│
2│......3..│
3│.........│
4│.........│
5│.........│
6│.........│
7│.........│
8│.........│
9│.........│
—│—————————│
Set/unset mines marks or claim a cell as free: >9 2 free
 │123456789│
—│—————————│
1│XX...XX.X│
2│.X.XX.3.X│
3│.XXX...XX│
4│XXXXX..XX│
5│X..X.XX.X│
6│.....XX..│
7│XXX.XXX..│
8│XXX.X.XXX│
9│XX..XX...│
—│—————————│
You stepped on a mine and failed!
?[1;31m
Start test 106?[0m
How many mines do you want on the field? >45
 │123456789│
—│—————————│
1│.........│
2│.........│
3│.........│
4│.........│
5│.........│
6│.........│
7│.........│
8│.........│
9│.........│
—│—————————│
Set/unset mines marks or claim a cell as free: >4 3 free
 │123456789│
—│—————————│
1│.........│
2│.........│
3│...4.....│
4│.........│
5│.........│
6│.........│
7│.........│
8│.........│
9│.........│
—│—————————│
Set/unset mines marks or claim a cell as free: >5 5 free
 │123456789│
—│—————————│
1│.........│
2│.........│
3│...4.....│
4│.........│
5│....7....│
6│.........│
7│.........│
8│.........│
9│.........│
—│—————————│
Set/unset mines marks or claim a cell as free: >2 4 mine
 │123456789│
—│—————————│
1│.........│
2│.........│
3│...4.....│
4│.*.......│
5│....7....│
6│.........│
7│.........│
8│.........│
9│.........│
—│—————————│
Set/unset mines marks or claim a cell as free: >3 1 free
 │123456789│
—│—————————│
1│..2......│
2│.........│
3│...4.....│
4│.*.......│
5│....7....│
6│.........│
7│.........│
8│.........│
9│.........│
—│—————————│
Set/unset mines marks or claim a cell as free: >7 8 free
 │123456789│
—│—————————│
1│..2..X.XX│
2│..XX.XXX.│
3│X..4..XXX│
4│.*XX.X...│
5│XXXX7X.XX│
6│.XXXXX.X.│
7│XX..XXX..│
8│XX..X.XXX│
9│XXX.X.XX.│
—│—————————│
You stepped on a mine and failed!
?[1;31m
Start test 107?[0m
How many mines do you want on the field? >50
 │123456789│
—│—————————│
1│.........│
2│.........│
3│.........│
4│.........│
5│.........│
6│.........│
7│.........│
8│.........│
9│.........│
—│—————————│
Set/unset mines marks or claim a cell as free: >9 2 free
 │123456789│
—│—————————│
1│.........│
2│........4│
3│.........│
4│.........│
5│.........│
6│.........│
7│.........│
8│.........│
9│.........│
—│—————————│
Set/unset mines marks or claim a cell as free: >1 6 free
 │123456789│
—│—————————│
1│.XX.XXX.X│
2│..XXXXXX4│
3│.X.XXXXXX│
4│X..X..X.X│
5│..X.XX.X.│
6│XX.X..XX.│
7│XX.X..X..│
8│XXXX.XXXX│
9│.X.X.XXXX│
—│—————————│
You stepped on a mine and failed!
?[1;31m
Start test 108?[0m
How many mines do you want on the field? >50
 │123456789│
—│—————————│
1│.........│
2│.........│
3│.........│
4│.........│
5│.........│
6│.........│
7│.........│
8│.........│
9│.........│
—│—————————│
Set/unset mines marks or claim a cell as free: >4 3 free
 │123456789│
—│—————————│
1│.........│
2│.........│
3│...2.....│
4│.........│
5│.........│
6│.........│
7│.........│
8│.........│
9│.........│
—│—————————│
Set/unset mines marks or claim a cell as free: >7 6 free
 │123456789│
—│—————————│
1│X.XXXX.X.│
2│X...X.XX.│
3│.X.2.X..X│
4│...X.XX.X│
5│XXXXXXX..│
6│XXXXXXXX.│
7│.X.XX..XX│
8│XX.XXX.XX│
9│XXXXX..X.│
—│—————————│
You stepped on a mine and failed!
?[1;31m
Start test 109?[0m
How many mines do you want on the field? >55
 │123456789│
—│—————————│
1│.........│
2│.........│
3│.........│
4│.........│
5│.........│
6│.........│
7│.........│
8│.........│
9│.........│
—│—————————│
Set/unset mines marks or claim a cell as free: >3 4 free
 │123456789│
—│—————————│
1│.........│
2│.........│
3│.........│
4│..5......│
5│.........│
6│.........│
7│.........│
8│.........│
9│.........│
—│—————————│
Set/unset mines marks or claim a cell as free: >8 7 mine
 │123456789│
—│—————————│
1│.........│
2│.........│
3│.........│
4│..5......│
5│.........│
6│.........│
7│.......*.│
8│.........│
9│.........│
—│—————————│
Set/unset mines marks or claim a cell as free: >3 9 mine
 │123456789│
—│—————————│
1│.........│
2│.........│
3│.........│
4│..5......│
5│.........│
6│.........│
7│.......*.│
8│.........│
9│..*......│
—│—————————│
Set/unset mines marks or claim a cell as free: >7 5 free
 │123456789│
—│—————————│
1│.........│
2│.........│
3│.........│
4│..5......│
5│......4..│
6│.........│
7│.......*.│
8│.........│
9│..*......│
—│—————————│
Set/unset mines marks or claim a cell as free: >3 7 mine
 │123456789│
—│—————————│
1│.........│
2│.........│
3│.........│
4│..5......│
5│......4..│
6│.........│
7│..*....*.│
8│.........│
9│..*......│
—│—————————│
Set/unset mines marks or claim a cell as free: >3 7 mine
 │123456789│
—│—————————│
1│.........│
2│.........│
3│.........│
4│..5......│
5│......4..│
6│.........│
7│.......*.│
8│.........│
9│..*......│
—│—————————│
Set/unset mines marks or claim a cell as free: >4 3 free
 │123456789│
—│—————————│
1│XXXXXX.XX│
2│X.XXX..XX│
3│XX.XXX.XX│
4│X.5X.X.XX│
5│.X.X..4..│
6│...XXXX.X│
7│.XXXXXXXX│
8│XXX.XXXXX│
9│.XXX..XXX│
—│—————————│
You stepped on a mine and failed!
?[1;31m
Start test 110?[0m
How many mines do you want on the field? >55
 │123456789│
—│—————————│
1│.........│
2│.........│
3│.........│
4│.........│
5│.........│
6│.........│
7│.........│
8│.........│
9│.........│
—│—————————│
Set/unset mines marks or claim a cell as free: >2 8 mine
 │123456789│
—│—————————│
1│.........│
2│.........│
3│.........│
4│.........│
5│.........│
6│.........│
7│.........│
8│.*.......│
9│.........│
—│—————————│
Set/unset mines marks or claim a cell as free: >5 5 mine
 │123456789│
—│—————————│
1│.........│
2│.........│
3│.........│
4│.........│
5│....*....│
6│.........│
7│.........│
8│.*.......│
9│.........│
—│—————————│
Set/unset mines marks or claim a cell as free: >6 2 mine
 │123456789│
—│—————————│
1│.........│
2│.....*...│
3│.........│
4│.........│
5│....*....│
6│.........│
7│.........│
8│.*.......│
9│.........│
—│—————————│
Set/unset mines marks or claim a cell as free: >9 8 free
 │123456789│
—│—————————│
1│.........│
2│.....*...│
3│.........│
4│.........│
5│....*....│
6│.........│
7│.........│
8│.*......5│
9│.........│
—│—————————│
Set/unset mines marks or claim a cell as free: >9 1 mine
 │123456789│
—│—————————│
1│........*│
2│.....*...│
3│.........│
4│.........│
5│....*....│
6│.........│
7│.........│
8│.*......5│
9│.........│
—│—————————│
Set/unset mines marks or claim a cell as free: >6 2 mine
 │123456789│
—│—————————│
1│........*│
2│.........│
3│.........│
4│.........│
5│....*....│
6│.........│
7│.........│
8│.*......5│
9│.........│
—│—————————│
Set/unset mines marks or claim a cell as free: >7 5 free
 │123456789│
—│—————————│
1│.XXXX.XXX│
2│XX.X.XXXX│
3│XX.XX.X..│
4│XX.X....X│
5│XXXX*XX.X│
6│XXXXXX.X.│
7│.X..XXXXX│
8│XXX..X.X5│
9│.XXX.XXXX│
—│—————————│
You stepped on a mine and failed!
?[1;31m
Start test 111?[0m
How many mines do you want on the field? >60
 │123456789│
—│—————————│
1│.........│
2│.........│
3│.........│
4│.........│
5│.........│
6│.........│
7│.........│
8│.........│
9│.........│
—│—————————│
Set/unset mines marks or claim a cell as free: >1 4 free
 │123456789│
—│—————————│
1│.........│
2│.........│
3│.........│
4│5........│
5│.........│
6│.........│
7│.........│
8│.........│
9│.........│
—│—————————│
Set/unset mines marks or claim a cell as free: >7 5 free
 │123456789│
—│—————————│
1│XXXX...X.│
2│.X.XXXXXX│
3│XXXXX.XX.│
4│5XXXXXXXX│
5│XXX.X.XXX│
6│XXXX.XXXX│
7│XXXXXX..X│
8│XX..XXXXX│
9│XXX.....X│
—│—————————│
You stepped on a mine and failed!
?[1;31m
Start test 112?[0m
How many mines do you want on the field? >60
 │123456789│
—│—————————│
1│.........│
2│.........│
3│.........│
4│.........│
5│.........│
6│.........│
7│.........│
8│.........│
9│.........│
—│—————————│
Set/unset mines marks or claim a cell as free: >8 7 free
 │123456789│
—│—————————│
1│.........│
2│.........│
3│.........│
4│.........│
5│.........│
6│.........│
7│.......7.│
8│.........│
9│.........│
—│—————————│
Set/unset mines marks or claim a cell as free: >6 7 mine
 │123456789│
—│—————————│
1│.........│
2│.........│
3│.........│
4│.........│
5│.........│
6│.........│
7│.....*.7.│
8│.........│
9│.........│
—│—————————│
Set/unset mines marks or claim a cell as free: >3 5 free
 │123456789│
—│—————————│
1│XXXXX.XXX│
2│X.X.XX...│
3│XXXXX..XX│
4│X.XX.XXXX│
5│..XX...XX│
6│XXX.XXXX.│
7│XXXXXXX7X│
8│XXX.XXXXX│
9│XX.XXX.XX│
—│—————————│
You stepped on a mine and failed!
?[1;31m
Start test 113?[0m
How many mines do you want on the field? >65
 │123456789│
—│—————————│
1│.........│
2│.........│
3│.........│
4│.........│
5│.........│
6│.........│
7│.........│
8│.........│
9│.........│
—│—————————│
Set/unset mines marks or claim a cell as free: >8 5 mine
 │123456789│
—│—————————│
1│.........│
2│.........│
3│.........│
4│.........│
5│.......*.│
6│.........│
7│.........│
8│.........│
9│.........│
—│—————————│
Set/unset mines marks or claim a cell as free: >9 5 mine
 │123456789│
—│—————————│
1│.........│
2│.........│
3│.........│
4│.........│
5│.......**│
6│.........│
7│.........│
8│.........│
9│.........│
—│—————————│
Set/unset mines marks or claim a cell as free: >3 2 free
 │123456789│
—│—————————│
1│.........│
2│..8......│
3│.........│
4│.........│
5│.......**│
6│.........│
7│.........│
8│.........│
9│.........│
—│—————————│
Set/unset mines marks or claim a cell as free: >8 5 mine
 │123456789│
—│—————————│
1│.........│
2│..8......│
3│.........│
4│.........│
5│........*│
6│.........│
7│.........│
8│.........│
9│.........│
—│—————————│
Set/unset mines marks or claim a cell as free: >9 5 mine
 │123456789│
—│—————————│
1│.........│
2│..8......│
3│.........│
4│.........│
5│.........│
6│.........│
7│.........│
8│.........│
9│.........│
—│—————————│
Set/unset mines marks or claim a cell as free: >9 5 mine
 │123456789│
—│—————————│
1│.........│
2│..8......│
3│.........│
4│.........│
5│........*│
6│.........│
7│.........│
8│.........│
9│.........│
—│—————————│
Set/unset mines marks or claim a cell as free: >9 5 mine
 │123456789│
—│—————————│
1│.........│
2│..8......│
3│.........│
4│.........│
5│.........│
6│.........│
7│.........│
8│.........│
9│.........│
—│—————————│
Set/unset mines marks or claim a cell as free: >9 6 free
 │123456789│
—│—————————│
1│XXXXX.X.X│
2│XX8XX.XXX│
3│XXXXXXX.X│
4│X..X.XX.X│
5│XXXXXXXXX│
6│XXXX.XXXX│
7│XXXXXX..X│
8│XX.XXXXX.│
9│X.XXXX.XX│
—│—————————│
You stepped on a mine and failed!
?[1;31m
Start test 114?[0m
How many mines do you want on the field? >65
 │123456789│
—│—————————│
1│.........│
2│.........│
3│.........│
4│.........│
5│.........│
6│.........│
7│.........│
8│.........│
9│.........│
—│—————————│
Set/unset mines marks or claim a cell as free: >7 5 free
 │123456789│
—│—————————│
1│.........│
2│.........│
3│.........│
4│.........│
5│......7..│
6│.........│
7│.........│
8│.........│
9│.........│
—│—————————│
Set/unset mines marks or claim a cell as free: >2 3 free
 │123456789│
—│—————————│
1│.XXX.XXXX│
2│.X.XXXXXX│
3│XXXXX.X.X│
4│X..XXXXX.│
5│XXXXXX7XX│
6│X.XXXXX.X│
7│XX.XXXXXX│
8│XX.XXXXXX│
9│X.XXXX.XX│
—│—————————│
You stepped on a mine and failed!
]]></system-out>
  <system-err><![CDATA[]]></system-err>
</testsuite>
